Using pre-set license
Built from '2020.3/staging' branch; Version is '2020.3.48f1 (b805b124c6b7) revision 12060081'; Using compiler version '192528614'; Build Type 'Release'
OS: 'Windows 10  (10.0.19045) 64bit Core' Language: 'en' Physical Memory: 7055 MB
BatchMode: 1, IsHumanControllingUs: 0, StartBugReporterOnCrash: 0, Is64bit: 1, IsPro: 0

COMMAND LINE ARGUMENTS:
C:\Program Files\Unity 2020.3.48f1\Editor\Unity.exe
-adb2
-batchMode
-noUpm
-name
AssetImportWorker0
-projectPath
E:/SEMESTER 6/ANIMASI DAN GAME/PRAK/PROJECT/BAB 7/Tugas7
-logFile
Logs/AssetImportWorker0.log
-srvPort
31491
Successfully changed project path to: E:/SEMESTER 6/ANIMASI DAN GAME/PRAK/PROJECT/BAB 7/Tugas7
E:/SEMESTER 6/ANIMASI DAN GAME/PRAK/PROJECT/BAB 7/Tugas7
Using Asset Import Pipeline V2.
Player connection [16572] Host "[IP] 192.168.0.6 [Port] 805524000 [Flags] 2 [Guid] 2468530236 [EditorId] 2468530236 [Version] 1048832 [Id] WindowsEditor(7,DESKTOP-0529O2D) [Debug] 1 [PackageName] WindowsEditor [ProjectName] Editor" joined multi-casting on [225.0.0.222:54997]...

Player connection [16572] Host "[IP] 192.168.0.6 [Port] 805524000 [Flags] 2 [Guid] 2468530236 [EditorId] 2468530236 [Version] 1048832 [Id] WindowsEditor(7,DESKTOP-0529O2D) [Debug] 1 [PackageName] WindowsEditor [ProjectName] Editor" joined alternative multi-casting on [225.0.0.222:34997]...

Refreshing native plugins compatible for Editor in 163.72 ms, found 3 plugins.
Preloading 0 native plugins for Editor in 0.00 ms.
Initialize engine version: 2020.3.48f1 (b805b124c6b7)
[Subsystems] Discovering subsystems at path C:/Program Files/Unity 2020.3.48f1/Editor/Data/Resources/UnitySubsystems
[Subsystems] Discovering subsystems at path E:/SEMESTER 6/ANIMASI DAN GAME/PRAK/PROJECT/BAB 7/Tugas7/Assets
GfxDevice: creating device client; threaded=0
Direct3D:
    Version:  Direct3D 11.0 [level 11.1]
    Renderer: AMD Radeon(TM) R5 Graphics (ID=0x98e4)
    Vendor:   
    VRAM:     3527 MB
    Driver:   27.20.1034.6
Initialize mono
Mono path[0] = 'C:/Program Files/Unity 2020.3.48f1/Editor/Data/Managed'
Mono path[1] = 'C:/Program Files/Unity 2020.3.48f1/Editor/Data/MonoBleedingEdge/lib/mono/unityjit'
Mono config path = 'C:/Program Files/Unity 2020.3.48f1/Editor/Data/MonoBleedingEdge/etc'
Using monoOptions --debugger-agent=transport=dt_socket,embedding=1,server=y,suspend=n,address=127.0.0.1:56620
Begin MonoManager ReloadAssembly
Registering precompiled unity dll's ...
Register platform support module: C:/Program Files/Unity 2020.3.48f1/Editor/Data/PlaybackEngines/WindowsStandaloneSupport/UnityEditor.WindowsStandalone.Extensions.dll
Registered in 0.004443 seconds.
Native extension for WindowsStandalone target not found
Refreshing native plugins compatible for Editor in 80.49 ms, found 3 plugins.
Preloading 0 native plugins for Editor in 0.00 ms.
Mono: successfully reloaded assembly
- Completed reload, in  1.735 seconds
Domain Reload Profiling:
	ReloadAssembly (1735ms)
		BeginReloadAssembly (199ms)
			ExecutionOrderSort (0ms)
			DisableScriptedObjects (0ms)
			BackupInstance (0ms)
			ReleaseScriptingObjects (0ms)
			CreateAndSetChildDomain (3ms)
		EndReloadAssembly (1346ms)
			LoadAssemblies (194ms)
			RebuildTransferFunctionScriptingTraits (0ms)
			SetupTypeCache (454ms)
			ReleaseScriptCaches (0ms)
			RebuildScriptCaches (77ms)
			SetupLoadedEditorAssemblies (519ms)
				LogAssemblyErrors (0ms)
				InitializePlatformSupportModulesInManaged (8ms)
				SetLoadedEditorAssemblies (0ms)
				RefreshPlugins (81ms)
				BeforeProcessingInitializeOnLoad (20ms)
				ProcessInitializeOnLoadAttributes (270ms)
				ProcessInitializeOnLoadMethodAttributes (139ms)
				AfterProcessingInitializeOnLoad (0ms)
				EditorAssembliesLoaded (0ms)
			ExecutionOrderSort2 (0ms)
			AwakeInstancesAfterBackupRestoration (0ms)
Platform modules already initialized, skipping
Registering precompiled user dll's ...
Registered in 0.004577 seconds.
Begin MonoManager ReloadAssembly
Native extension for WindowsStandalone target not found
Refreshing native plugins compatible for Editor in 85.47 ms, found 3 plugins.
Preloading 0 native plugins for Editor in 0.00 ms.
Mono: successfully reloaded assembly
- Completed reload, in  3.258 seconds
Domain Reload Profiling:
	ReloadAssembly (3261ms)
		BeginReloadAssembly (411ms)
			ExecutionOrderSort (0ms)
			DisableScriptedObjects (13ms)
			BackupInstance (0ms)
			ReleaseScriptingObjects (0ms)
			CreateAndSetChildDomain (50ms)
		EndReloadAssembly (2667ms)
			LoadAssemblies (344ms)
			RebuildTransferFunctionScriptingTraits (0ms)
			SetupTypeCache (897ms)
			ReleaseScriptCaches (1ms)
			RebuildScriptCaches (113ms)
			SetupLoadedEditorAssemblies (1068ms)
				LogAssemblyErrors (0ms)
				InitializePlatformSupportModulesInManaged (8ms)
				SetLoadedEditorAssemblies (0ms)
				RefreshPlugins (86ms)
				BeforeProcessingInitializeOnLoad (146ms)
				ProcessInitializeOnLoadAttributes (694ms)
				ProcessInitializeOnLoadMethodAttributes (78ms)
				AfterProcessingInitializeOnLoad (51ms)
				EditorAssembliesLoaded (5ms)
			ExecutionOrderSort2 (0ms)
			AwakeInstancesAfterBackupRestoration (9ms)
Platform modules already initialized, skipping
========================================================================
Worker process is ready to serve import requests
Launched and connected shader compiler UnityShaderCompiler.exe after 0.44 seconds
Refreshing native plugins compatible for Editor in 1.61 ms, found 3 plugins.
Preloading 0 native plugins for Editor in 0.00 ms.
Unloading 2014 Unused Serialized files (Serialized files now loaded: 0)
System memory in use before: 92.0 MB.
System memory in use after: 92.0 MB.

Unloading 29 unused Assets to reduce memory usage. Loaded Objects now: 2448.
Total: 6.051900 ms (FindLiveObjects: 0.631000 ms CreateObjectMapping: 0.331400 ms MarkObjects: 4.833400 ms  DeleteObjects: 0.253200 ms)

AssetImportParameters requested are different than current active one (requested -> active):
  custom:framework-win-MediaFoundation: 216162199b28c13a410421893ffa2e32 -> 
  custom:video-decoder-ogg-theora: a1e56fd34408186e4bbccfd4996cb3dc -> 
  custom:container-muxer-webm: aa71ff27fc2769a1b78a27578f13a17b -> 
  custom:container-demuxer-webm: 4f35f7cbe854078d1ac9338744f61a02 -> 
  custom:container-demuxer-ogg: 62fdf1f143b41e24485cea50d1cbac27 -> 
  custom:video-encoder-webm-vp8: eb34c28f22e8b96e1ab97ce403110664 -> 
  custom:video-decoder-webm-vp8: 9c59270c3fd7afecdb556c50c9e8de78 -> 
  custom:audio-decoder-ogg-vorbis: bf7c407c2cedff20999df2af8eb42d56 -> 
  custom:audio-encoder-webm-vorbis: bf7c407c2cedff20999df2af8eb42d56 -> 
========================================================================
Received Import Request.
  path: Assets/Tiny Platformer - Forest Asset Pack/Praktikum
  artifactKey: Guid(0ff669e9782d08c4fa48be9794252846) Importer(815301076,1909f56bfc062723c751e8b465ee728b)
Start importing Assets/Tiny Platformer - Forest Asset Pack/Praktikum using Guid(0ff669e9782d08c4fa48be9794252846) Importer(815301076,1909f56bfc062723c751e8b465ee728b)  -> (artifact id: '0daa50852c5e20a1347a4d8ddd19ea7e') in 0.078651 seconds 
========================================================================
Received Import Request.
  Time since last request: 62.827522 seconds.
  path: Assets/Tugas Praktikum
  artifactKey: Guid(4bf3ee798c1780b4382ed28a29d45af4) Importer(815301076,1909f56bfc062723c751e8b465ee728b)
Start importing Assets/Tugas Praktikum using Guid(4bf3ee798c1780b4382ed28a29d45af4) Importer(815301076,1909f56bfc062723c751e8b465ee728b)  -> (artifact id: '8a27b343b5fc86c83466559c027073be') in 0.179919 seconds 
========================================================================
Received Import Request.
  Time since last request: 38.827221 seconds.
  path: Assets/Tugas Praktikum/Tiles
  artifactKey: Guid(4c4124ae3a727f54bb64b251647e6a6b) Importer(815301076,1909f56bfc062723c751e8b465ee728b)
Start importing Assets/Tugas Praktikum/Tiles using Guid(4c4124ae3a727f54bb64b251647e6a6b) Importer(815301076,1909f56bfc062723c751e8b465ee728b)  -> (artifact id: '8ed67f69547d1e78a90451c783c9603d') in 0.048119 seconds 
========================================================================
Received Import Request.
  Time since last request: 20.207274 seconds.
  path: Assets/Tugas Praktikum/Tile pallete
  artifactKey: Guid(c41519c0d1c3e99449c626281c968e5a) Importer(815301076,1909f56bfc062723c751e8b465ee728b)
Start importing Assets/Tugas Praktikum/Tile pallete using Guid(c41519c0d1c3e99449c626281c968e5a) Importer(815301076,1909f56bfc062723c751e8b465ee728b)  -> (artifact id: 'd3532612b99940567f3cd81f736d7a64') in 0.050435 seconds 
========================================================================
Received Import Request.
  Time since last request: 37.687786 seconds.
  path: Assets/Tugas Praktikum/Game.unity
  artifactKey: Guid(f073110574c76a2408ed0c893b8f9968) Importer(815301076,1909f56bfc062723c751e8b465ee728b)
Start importing Assets/Tugas Praktikum/Game.unity using Guid(f073110574c76a2408ed0c893b8f9968) Importer(815301076,1909f56bfc062723c751e8b465ee728b)  -> (artifact id: '00d841482743cc6a7803e5890fed3d35') in 0.061733 seconds 
========================================================================
Received Import Request.
  Time since last request: 358.337990 seconds.
  path: Assets/Tiny Platformer - Forest Asset Pack/Tileset(16x16)/Tileset.png
  artifactKey: Guid(251fe6afce94af14a94a5740e95c4552) Importer(815301076,1909f56bfc062723c751e8b465ee728b)
Start importing Assets/Tiny Platformer - Forest Asset Pack/Tileset(16x16)/Tileset.png using Guid(251fe6afce94af14a94a5740e95c4552) Importer(815301076,1909f56bfc062723c751e8b465ee728b)  -> (artifact id: 'a94263bc2d8904a840b7cadf6466dfb6') in 0.530332 seconds 
========================================================================
Received Import Request.
  Time since last request: 334.008492 seconds.
  path: Assets/Tugas Praktikum/Tile pallete/Tile Pallete .prefab
  artifactKey: Guid(765f0cdce52003c46a40ba7429419082) Importer(815301076,1909f56bfc062723c751e8b465ee728b)
Start importing Assets/Tugas Praktikum/Tile pallete/Tile Pallete .prefab using Guid(765f0cdce52003c46a40ba7429419082) Importer(815301076,1909f56bfc062723c751e8b465ee728b)  -> (artifact id: '43065961302ed2c7251a421cf2f73ede') in 0.098846 seconds 
========================================================================
Received Import Request.
  Time since last request: 1812.967164 seconds.
  path: Assets/Tiny Platformer - Forest Asset Pack/Tileset(16x16)/Tileset_0.asset
  artifactKey: Guid(1d0e036f5d1c7764ebbdf689cf18338d) Importer(815301076,1909f56bfc062723c751e8b465ee728b)
Start importing Assets/Tiny Platformer - Forest Asset Pack/Tileset(16x16)/Tileset_0.asset using Guid(1d0e036f5d1c7764ebbdf689cf18338d) Importer(815301076,1909f56bfc062723c751e8b465ee728b)  -> (artifact id: 'cbc7fd87349471d4d54998eb7b32bc7e') in 0.173191 seconds 
========================================================================
Received Import Request.
  Time since last request: 0.000374 seconds.
  path: Assets/Tiny Platformer - Forest Asset Pack/Tileset(16x16)/Tileset_1.asset
  artifactKey: Guid(ee787b7d2ed8a004eae189751cba8f62) Importer(815301076,1909f56bfc062723c751e8b465ee728b)
Start importing Assets/Tiny Platformer - Forest Asset Pack/Tileset(16x16)/Tileset_1.asset using Guid(ee787b7d2ed8a004eae189751cba8f62) Importer(815301076,1909f56bfc062723c751e8b465ee728b)  -> (artifact id: '894f3aee2b9308983fb872506dcd797c') in 0.055017 seconds 
========================================================================
Received Import Request.
  Time since last request: 0.000353 seconds.
  path: Assets/Tiny Platformer - Forest Asset Pack/Tileset(16x16)/Tileset_3.asset
  artifactKey: Guid(8e1c9b1a97d731d4ebd19819e766bc27) Importer(815301076,1909f56bfc062723c751e8b465ee728b)
Start importing Assets/Tiny Platformer - Forest Asset Pack/Tileset(16x16)/Tileset_3.asset using Guid(8e1c9b1a97d731d4ebd19819e766bc27) Importer(815301076,1909f56bfc062723c751e8b465ee728b)  -> (artifact id: '351e9a08c79c1930343946bfea18b413') in 0.071631 seconds 
========================================================================
Received Import Request.
  Time since last request: 0.005388 seconds.
  path: Assets/Tiny Platformer - Forest Asset Pack/Tileset(16x16)/Tileset_2.asset
  artifactKey: Guid(c5c86772176e54c449ae962a75297b29) Importer(815301076,1909f56bfc062723c751e8b465ee728b)
Start importing Assets/Tiny Platformer - Forest Asset Pack/Tileset(16x16)/Tileset_2.asset using Guid(c5c86772176e54c449ae962a75297b29) Importer(815301076,1909f56bfc062723c751e8b465ee728b)  -> (artifact id: '2c934d42de4761f0d1428af19a217fbd') in 0.054099 seconds 
========================================================================
Received Import Request.
  Time since last request: 97.752001 seconds.
  path: Assets/Tugas Praktikum/Tiles/Tileset_5.asset
  artifactKey: Guid(4ddc3527f163c8245aea32b892388396) Importer(815301076,1909f56bfc062723c751e8b465ee728b)
Start importing Assets/Tugas Praktikum/Tiles/Tileset_5.asset using Guid(4ddc3527f163c8245aea32b892388396) Importer(815301076,1909f56bfc062723c751e8b465ee728b)  -> (artifact id: '308f9616187805cbaeffa56a8a0f29d3') in 0.038572 seconds 
========================================================================
Received Import Request.
  Time since last request: 0.000468 seconds.
  path: Assets/Tugas Praktikum/Tiles/Tileset_12.asset
  artifactKey: Guid(536878b5b6d810e40b708aaa09525baa) Importer(815301076,1909f56bfc062723c751e8b465ee728b)
Start importing Assets/Tugas Praktikum/Tiles/Tileset_12.asset using Guid(536878b5b6d810e40b708aaa09525baa) Importer(815301076,1909f56bfc062723c751e8b465ee728b)  -> (artifact id: '5e349cfa36c2f6ae905160c240a7251f') in 0.059434 seconds 
========================================================================
Received Import Request.
  Time since last request: 0.000355 seconds.
  path: Assets/Tugas Praktikum/Tiles/Tileset_10.asset
  artifactKey: Guid(69903f0096228b949b40425bdfc781bb) Importer(815301076,1909f56bfc062723c751e8b465ee728b)
Start importing Assets/Tugas Praktikum/Tiles/Tileset_10.asset using Guid(69903f0096228b949b40425bdfc781bb) Importer(815301076,1909f56bfc062723c751e8b465ee728b)  -> (artifact id: 'f414641dd23f62081a01e27884fcc51e') in 0.063005 seconds 
========================================================================
Received Import Request.
  Time since last request: 441.777729 seconds.
  path: Assets/Tugas Praktikum/Tiles/Tileset_6.asset
  artifactKey: Guid(039722ddb82f33a4e91b208e3669f0ac) Importer(815301076,1909f56bfc062723c751e8b465ee728b)
Start importing Assets/Tugas Praktikum/Tiles/Tileset_6.asset using Guid(039722ddb82f33a4e91b208e3669f0ac) Importer(815301076,1909f56bfc062723c751e8b465ee728b)  -> (artifact id: '6d024684d31d5eee9fe208e7c002a302') in 0.035166 seconds 
========================================================================
Received Import Request.
  Time since last request: 0.000358 seconds.
  path: Assets/Tugas Praktikum/Tiles/Tileset_13.asset
  artifactKey: Guid(4c7d45a78bd4a7c4a8d956cff0bf2d23) Importer(815301076,1909f56bfc062723c751e8b465ee728b)
Start importing Assets/Tugas Praktikum/Tiles/Tileset_13.asset using Guid(4c7d45a78bd4a7c4a8d956cff0bf2d23) Importer(815301076,1909f56bfc062723c751e8b465ee728b)  -> (artifact id: 'b1b851b8c85d74570be14e6f825fee91') in 0.076827 seconds 
========================================================================
Received Import Request.
  Time since last request: 0.000458 seconds.
  path: Assets/Tugas Praktikum/Tiles/Tileset_9.asset
  artifactKey: Guid(c3910dc33cfeaef44ac992095e422ecf) Importer(815301076,1909f56bfc062723c751e8b465ee728b)
Start importing Assets/Tugas Praktikum/Tiles/Tileset_9.asset using Guid(c3910dc33cfeaef44ac992095e422ecf) Importer(815301076,1909f56bfc062723c751e8b465ee728b)  -> (artifact id: '9024312ee721df6489b3b848145729a4') in 0.082683 seconds 
========================================================================
Received Import Request.
  Time since last request: 0.000379 seconds.
  path: Assets/Tugas Praktikum/Tiles/Tileset_8.asset
  artifactKey: Guid(3a71a182e32788444a6f520738214855) Importer(815301076,1909f56bfc062723c751e8b465ee728b)
Start importing Assets/Tugas Praktikum/Tiles/Tileset_8.asset using Guid(3a71a182e32788444a6f520738214855) Importer(815301076,1909f56bfc062723c751e8b465ee728b)  -> (artifact id: '7bf6e5ac29d9971345a1e57228a92d10') in 0.144617 seconds 
========================================================================
Received Import Request.
  Time since last request: 0.000482 seconds.
  path: Assets/Tugas Praktikum/Tiles/Tileset_7.asset
  artifactKey: Guid(476e2c043a5cc274ab7622c9bc4fe0d8) Importer(815301076,1909f56bfc062723c751e8b465ee728b)
Start importing Assets/Tugas Praktikum/Tiles/Tileset_7.asset using Guid(476e2c043a5cc274ab7622c9bc4fe0d8) Importer(815301076,1909f56bfc062723c751e8b465ee728b)  -> (artifact id: '548a666510903b43bee395a1cc71fccc') in 0.118116 seconds 
========================================================================
Received Import Request.
  Time since last request: 0.000366 seconds.
  path: Assets/Tugas Praktikum/Tiles/Tileset_11.asset
  artifactKey: Guid(33bf36e9549093f468883bb6026d21c6) Importer(815301076,1909f56bfc062723c751e8b465ee728b)
Start importing Assets/Tugas Praktikum/Tiles/Tileset_11.asset using Guid(33bf36e9549093f468883bb6026d21c6) Importer(815301076,1909f56bfc062723c751e8b465ee728b)  -> (artifact id: '1a884d01086983b7c756db9f02741713') in 0.127993 seconds 
========================================================================
Received Import Request.
  Time since last request: 1142.325244 seconds.
  path: Assets/Tugas Praktikum/Tiles/Tileset_29.asset
  artifactKey: Guid(c7c02444c39024248a6c078b0a3cddb9) Importer(815301076,1909f56bfc062723c751e8b465ee728b)
Start importing Assets/Tugas Praktikum/Tiles/Tileset_29.asset using Guid(c7c02444c39024248a6c078b0a3cddb9) Importer(815301076,1909f56bfc062723c751e8b465ee728b)  -> (artifact id: 'e3e8c6df64cd8628eb8066bfe8349310') in 0.035194 seconds 
========================================================================
Received Import Request.
  Time since last request: 0.000553 seconds.
  path: Assets/Tugas Praktikum/Tiles/Tileset_30.asset
  artifactKey: Guid(db04a1e491305e9409a5331c8edd3843) Importer(815301076,1909f56bfc062723c751e8b465ee728b)
Start importing Assets/Tugas Praktikum/Tiles/Tileset_30.asset using Guid(db04a1e491305e9409a5331c8edd3843) Importer(815301076,1909f56bfc062723c751e8b465ee728b)  -> (artifact id: 'c55fabe51d63521a194756de234a0e0b') in 0.072975 seconds 
========================================================================
Received Import Request.
  Time since last request: 1504.294288 seconds.
  path: Assets/Tugas Praktikum/Tiles/Tileset_4.asset
  artifactKey: Guid(c417197646fb12f4eb647a95feb5bdfb) Importer(815301076,1909f56bfc062723c751e8b465ee728b)
Start importing Assets/Tugas Praktikum/Tiles/Tileset_4.asset using Guid(c417197646fb12f4eb647a95feb5bdfb) Importer(815301076,1909f56bfc062723c751e8b465ee728b)  -> (artifact id: 'e592621cee045bf00f877a25e89af4ff') in 0.042976 seconds 
========================================================================
Received Import Request.
  Time since last request: 212.236291 seconds.
  path: Assets/Tiny Platformer - Forest Asset Pack/Props/props.png
  artifactKey: Guid(66f36d734ae33bd4f840b463dd9becb2) Importer(815301076,1909f56bfc062723c751e8b465ee728b)
Start importing Assets/Tiny Platformer - Forest Asset Pack/Props/props.png using Guid(66f36d734ae33bd4f840b463dd9becb2) Importer(815301076,1909f56bfc062723c751e8b465ee728b)  -> (artifact id: '2ed60ed208dd82b32b492d5e3c4210b8') in 0.187032 seconds 
========================================================================
Received Import Request.
  Time since last request: 222.108525 seconds.
  path: Assets/Tugas Praktikum/Tiles/props_4.asset
  artifactKey: Guid(4d8246b52390eaa4687e48ff8d47a4f3) Importer(815301076,1909f56bfc062723c751e8b465ee728b)
Start importing Assets/Tugas Praktikum/Tiles/props_4.asset using Guid(4d8246b52390eaa4687e48ff8d47a4f3) Importer(815301076,1909f56bfc062723c751e8b465ee728b)  -> (artifact id: '25cb5aa84f70dd5f491f25afc3135c8c') in 0.079782 seconds 
========================================================================
Received Import Request.
  Time since last request: 0.001454 seconds.
  path: Assets/Tugas Praktikum/Tiles/props_9.asset
  artifactKey: Guid(56c170ea7170a7c428fe762537490a95) Importer(815301076,1909f56bfc062723c751e8b465ee728b)
Start importing Assets/Tugas Praktikum/Tiles/props_9.asset using Guid(56c170ea7170a7c428fe762537490a95) Importer(815301076,1909f56bfc062723c751e8b465ee728b)  -> (artifact id: 'e014607d05ddb7f70ef2404844cacae6') in 0.085648 seconds 
========================================================================
Received Import Request.
  Time since last request: 20.467551 seconds.
  path: Assets/Tugas Praktikum/Tile pallete/Tile Pallete .prefab
  artifactKey: Guid(765f0cdce52003c46a40ba7429419082) Importer(815301076,1909f56bfc062723c751e8b465ee728b)
Start importing Assets/Tugas Praktikum/Tile pallete/Tile Pallete .prefab using Guid(765f0cdce52003c46a40ba7429419082) Importer(815301076,1909f56bfc062723c751e8b465ee728b)  -> (artifact id: 'e46f06f16c2ccea96d27df0855e1814f') in 0.064991 seconds 
========================================================================
Received Import Request.
  Time since last request: 511.613233 seconds.
  path: Assets/Tiny Platformer - Forest Asset Pack/Sprites
  artifactKey: Guid(f23cf126a34a96d4f87dd584db3db1eb) Importer(815301076,1909f56bfc062723c751e8b465ee728b)
Start importing Assets/Tiny Platformer - Forest Asset Pack/Sprites using Guid(f23cf126a34a96d4f87dd584db3db1eb) Importer(815301076,1909f56bfc062723c751e8b465ee728b)  -> (artifact id: 'e6a7127e950f0e991a8b85e403fd7eff') in 0.047287 seconds 
========================================================================
Received Import Request.
  Time since last request: 0.000443 seconds.
  path: Assets/Tiny Platformer - Forest Asset Pack/Sprites/death.png
  artifactKey: Guid(c8a819bf06b46274eb7fa4160e4f8740) Importer(815301076,1909f56bfc062723c751e8b465ee728b)
Start importing Assets/Tiny Platformer - Forest Asset Pack/Sprites/death.png using Guid(c8a819bf06b46274eb7fa4160e4f8740) Importer(815301076,1909f56bfc062723c751e8b465ee728b)  -> (artifact id: 'e0c2fefb2caa9d51798e03593eb29c9e') in 0.109806 seconds 
========================================================================
Received Import Request.
  Time since last request: 1.384177 seconds.
  path: Assets/Tiny Platformer - Forest Asset Pack/Sprites/Enemies
  artifactKey: Guid(f1545b496614b27468fb9defbc314615) Importer(815301076,1909f56bfc062723c751e8b465ee728b)
Start importing Assets/Tiny Platformer - Forest Asset Pack/Sprites/Enemies using Guid(f1545b496614b27468fb9defbc314615) Importer(815301076,1909f56bfc062723c751e8b465ee728b)  -> (artifact id: '0de71477af16c2d59db9687ce7185992') in 0.055056 seconds 
========================================================================
Received Import Request.
  Time since last request: 1.662604 seconds.
  path: Assets/Tiny Platformer - Forest Asset Pack/Sprites/Enemies/Enemy_01
  artifactKey: Guid(78be735a4c097a04a9a6db9941d82535) Importer(815301076,1909f56bfc062723c751e8b465ee728b)
Start importing Assets/Tiny Platformer - Forest Asset Pack/Sprites/Enemies/Enemy_01 using Guid(78be735a4c097a04a9a6db9941d82535) Importer(815301076,1909f56bfc062723c751e8b465ee728b)  -> (artifact id: '90565f0d8f19899ff04c113074ef0fdf') in 0.088829 seconds 
========================================================================
Received Import Request.
  Time since last request: 0.000437 seconds.
  path: Assets/Tiny Platformer - Forest Asset Pack/Sprites/Enemies/Enemy_01/idle.png
  artifactKey: Guid(93685d0d260a4dd46824cbe2adc9a405) Importer(815301076,1909f56bfc062723c751e8b465ee728b)
Start importing Assets/Tiny Platformer - Forest Asset Pack/Sprites/Enemies/Enemy_01/idle.png using Guid(93685d0d260a4dd46824cbe2adc9a405) Importer(815301076,1909f56bfc062723c751e8b465ee728b)  -> (artifact id: 'a1acd79a92754cf85f4c612468f8ecd5') in 0.120630 seconds 
========================================================================
Received Import Request.
  Time since last request: 0.000366 seconds.
  path: Assets/Tiny Platformer - Forest Asset Pack/Sprites/Enemies/Enemy_01/walk.png
  artifactKey: Guid(c0978b2e447eacc46b223da77f108c41) Importer(815301076,1909f56bfc062723c751e8b465ee728b)
Start importing Assets/Tiny Platformer - Forest Asset Pack/Sprites/Enemies/Enemy_01/walk.png using Guid(c0978b2e447eacc46b223da77f108c41) Importer(815301076,1909f56bfc062723c751e8b465ee728b)  -> (artifact id: 'e22972f150eba1e9bcf20a420803c489') in 0.120606 seconds 
========================================================================
Received Import Request.
  Time since last request: 0.000397 seconds.
  path: Assets/Tiny Platformer - Forest Asset Pack/Sprites/Enemies/Enemy_01/hit.png
  artifactKey: Guid(d6a6de22f09d51e42ba77b06c9a2fda2) Importer(815301076,1909f56bfc062723c751e8b465ee728b)
Start importing Assets/Tiny Platformer - Forest Asset Pack/Sprites/Enemies/Enemy_01/hit.png using Guid(d6a6de22f09d51e42ba77b06c9a2fda2) Importer(815301076,1909f56bfc062723c751e8b465ee728b)  -> (artifact id: 'bf6daa06ee44f0db156fdc3d1211b5ea') in 0.102462 seconds 
========================================================================
Received Import Request.
  Time since last request: 241.590269 seconds.
  path: Assets/Tugas Praktikum/Tiles/hit_1.asset
  artifactKey: Guid(fc30a7c52265642488adfb9ea014e2b8) Importer(815301076,1909f56bfc062723c751e8b465ee728b)
Start importing Assets/Tugas Praktikum/Tiles/hit_1.asset using Guid(fc30a7c52265642488adfb9ea014e2b8) Importer(815301076,1909f56bfc062723c751e8b465ee728b)  -> (artifact id: 'b29e20c4aff29ce7fc9855d3aa719d43') in 0.331285 seconds 
========================================================================
Received Prepare
Registering precompiled user dll's ...
Registered in 0.004434 seconds.
Begin MonoManager ReloadAssembly
Native extension for WindowsStandalone target not found
Refreshing native plugins compatible for Editor in 0.93 ms, found 3 plugins.
Preloading 0 native plugins for Editor in 0.00 ms.
Mono: successfully reloaded assembly
- Completed reload, in  9.448 seconds
Domain Reload Profiling:
	ReloadAssembly (9454ms)
		BeginReloadAssembly (4655ms)
			ExecutionOrderSort (0ms)
			DisableScriptedObjects (77ms)
			BackupInstance (0ms)
			ReleaseScriptingObjects (0ms)
			CreateAndSetChildDomain (1081ms)
		EndReloadAssembly (3162ms)
			LoadAssemblies (3639ms)
			RebuildTransferFunctionScriptingTraits (0ms)
			SetupTypeCache (1112ms)
			ReleaseScriptCaches (4ms)
			RebuildScriptCaches (99ms)
			SetupLoadedEditorAssemblies (1129ms)
				LogAssemblyErrors (0ms)
				InitializePlatformSupportModulesInManaged (13ms)
				SetLoadedEditorAssemblies (3ms)
				RefreshPlugins (1ms)
				BeforeProcessingInitializeOnLoad (133ms)
				ProcessInitializeOnLoadAttributes (923ms)
				ProcessInitializeOnLoadMethodAttributes (35ms)
				AfterProcessingInitializeOnLoad (22ms)
				EditorAssembliesLoaded (0ms)
			ExecutionOrderSort2 (0ms)
			AwakeInstancesAfterBackupRestoration (7ms)
Platform modules already initialized, skipping
Refreshing native plugins compatible for Editor in 1.16 ms, found 3 plugins.
Preloading 0 native plugins for Editor in 0.00 ms.
Unloading 2007 Unused Serialized files (Serialized files now loaded: 0)
System memory in use before: 94.9 MB.
System memory in use after: 94.9 MB.

Unloading 18 unused Assets to reduce memory usage. Loaded Objects now: 2486.
Total: 8.081700 ms (FindLiveObjects: 1.996500 ms CreateObjectMapping: 0.151800 ms MarkObjects: 5.655300 ms  DeleteObjects: 0.275700 ms)

AssetImportParameters requested are different than current active one (requested -> active):
  custom:framework-win-MediaFoundation: 216162199b28c13a410421893ffa2e32 -> 
  custom:video-decoder-ogg-theora: a1e56fd34408186e4bbccfd4996cb3dc -> 
  custom:container-muxer-webm: aa71ff27fc2769a1b78a27578f13a17b -> 
  custom:container-demuxer-webm: 4f35f7cbe854078d1ac9338744f61a02 -> 
  custom:container-demuxer-ogg: 62fdf1f143b41e24485cea50d1cbac27 -> 
  custom:video-encoder-webm-vp8: eb34c28f22e8b96e1ab97ce403110664 -> 
  custom:video-decoder-webm-vp8: 9c59270c3fd7afecdb556c50c9e8de78 -> 
  custom:audio-decoder-ogg-vorbis: bf7c407c2cedff20999df2af8eb42d56 -> 
  custom:audio-encoder-webm-vorbis: bf7c407c2cedff20999df2af8eb42d56 -> 
========================================================================
Received Prepare
Registering precompiled user dll's ...
Registered in 0.011312 seconds.
Begin MonoManager ReloadAssembly
Native extension for WindowsStandalone target not found
Refreshing native plugins compatible for Editor in 0.98 ms, found 3 plugins.
Preloading 0 native plugins for Editor in 0.00 ms.
Mono: successfully reloaded assembly
- Completed reload, in  3.295 seconds
Domain Reload Profiling:
	ReloadAssembly (3296ms)
		BeginReloadAssembly (612ms)
			ExecutionOrderSort (0ms)
			DisableScriptedObjects (25ms)
			BackupInstance (0ms)
			ReleaseScriptingObjects (0ms)
			CreateAndSetChildDomain (183ms)
		EndReloadAssembly (2314ms)
			LoadAssemblies (558ms)
			RebuildTransferFunctionScriptingTraits (0ms)
			SetupTypeCache (919ms)
			ReleaseScriptCaches (2ms)
			RebuildScriptCaches (94ms)
			SetupLoadedEditorAssemblies (728ms)
				LogAssemblyErrors (0ms)
				InitializePlatformSupportModulesInManaged (10ms)
				SetLoadedEditorAssemblies (1ms)
				RefreshPlugins (1ms)
				BeforeProcessingInitializeOnLoad (137ms)
				ProcessInitializeOnLoadAttributes (526ms)
				ProcessInitializeOnLoadMethodAttributes (32ms)
				AfterProcessingInitializeOnLoad (20ms)
				EditorAssembliesLoaded (0ms)
			ExecutionOrderSort2 (0ms)
			AwakeInstancesAfterBackupRestoration (7ms)
Platform modules already initialized, skipping
Refreshing native plugins compatible for Editor in 1.02 ms, found 3 plugins.
Preloading 0 native plugins for Editor in 0.00 ms.
Unloading 2007 Unused Serialized files (Serialized files now loaded: 0)
System memory in use before: 94.9 MB.
System memory in use after: 94.9 MB.

Unloading 18 unused Assets to reduce memory usage. Loaded Objects now: 2489.
Total: 6.683100 ms (FindLiveObjects: 0.526700 ms CreateObjectMapping: 0.209600 ms MarkObjects: 5.692500 ms  DeleteObjects: 0.251600 ms)

AssetImportParameters requested are different than current active one (requested -> active):
  custom:framework-win-MediaFoundation: 216162199b28c13a410421893ffa2e32 -> 
  custom:video-decoder-ogg-theora: a1e56fd34408186e4bbccfd4996cb3dc -> 
  custom:container-muxer-webm: aa71ff27fc2769a1b78a27578f13a17b -> 
  custom:container-demuxer-webm: 4f35f7cbe854078d1ac9338744f61a02 -> 
  custom:container-demuxer-ogg: 62fdf1f143b41e24485cea50d1cbac27 -> 
  custom:video-encoder-webm-vp8: eb34c28f22e8b96e1ab97ce403110664 -> 
  custom:video-decoder-webm-vp8: 9c59270c3fd7afecdb556c50c9e8de78 -> 
  custom:audio-decoder-ogg-vorbis: bf7c407c2cedff20999df2af8eb42d56 -> 
  custom:audio-encoder-webm-vorbis: bf7c407c2cedff20999df2af8eb42d56 -> 
========================================================================
Received Import Request.
  Time since last request: 343.698300 seconds.
  path: Assets/Tugas Praktikum/Tiles/Tileset_12.asset
  artifactKey: Guid(536878b5b6d810e40b708aaa09525baa) Importer(815301076,1909f56bfc062723c751e8b465ee728b)
Start importing Assets/Tugas Praktikum/Tiles/Tileset_12.asset using Guid(536878b5b6d810e40b708aaa09525baa) Importer(815301076,1909f56bfc062723c751e8b465ee728b)  -> (artifact id: '0123f96241cf35af0aa13aa2299eec8c') in 0.137575 seconds 
========================================================================
Received Import Request.
  Time since last request: 0.001177 seconds.
  path: Assets/Tugas Praktikum/Tiles/Tileset_13.asset
  artifactKey: Guid(4c7d45a78bd4a7c4a8d956cff0bf2d23) Importer(815301076,1909f56bfc062723c751e8b465ee728b)
Start importing Assets/Tugas Praktikum/Tiles/Tileset_13.asset using Guid(4c7d45a78bd4a7c4a8d956cff0bf2d23) Importer(815301076,1909f56bfc062723c751e8b465ee728b)  -> (artifact id: '35858ed0ff7cbdfac4d64551843eb51e') in 0.096776 seconds 
========================================================================
Received Import Request.
  Time since last request: 0.002738 seconds.
  path: Assets/Tugas Praktikum/Tiles/Tileset_1.asset
  artifactKey: Guid(ee787b7d2ed8a004eae189751cba8f62) Importer(815301076,1909f56bfc062723c751e8b465ee728b)
Start importing Assets/Tugas Praktikum/Tiles/Tileset_1.asset using Guid(ee787b7d2ed8a004eae189751cba8f62) Importer(815301076,1909f56bfc062723c751e8b465ee728b)  -> (artifact id: '0e6cd0213500c040e85e1a9e08b7847f') in 0.086303 seconds 
========================================================================
Received Import Request.
  Time since last request: 0.000432 seconds.
  path: Assets/Tugas Praktikum/Tiles/Tileset_9.asset
  artifactKey: Guid(c3910dc33cfeaef44ac992095e422ecf) Importer(815301076,1909f56bfc062723c751e8b465ee728b)
Start importing Assets/Tugas Praktikum/Tiles/Tileset_9.asset using Guid(c3910dc33cfeaef44ac992095e422ecf) Importer(815301076,1909f56bfc062723c751e8b465ee728b)  -> (artifact id: '573ae635cb9dee4e28119ffd4034a463') in 0.098149 seconds 
========================================================================
Received Import Request.
  Time since last request: 0.000405 seconds.
  path: Assets/Tugas Praktikum/Tiles/Tileset_8.asset
  artifactKey: Guid(3a71a182e32788444a6f520738214855) Importer(815301076,1909f56bfc062723c751e8b465ee728b)
Start importing Assets/Tugas Praktikum/Tiles/Tileset_8.asset using Guid(3a71a182e32788444a6f520738214855) Importer(815301076,1909f56bfc062723c751e8b465ee728b)  -> (artifact id: '4c821dac1fccbf5c6264179958588e0a') in 0.087509 seconds 
========================================================================
Received Import Request.
  Time since last request: 0.000396 seconds.
  path: Assets/Tugas Praktikum/Tiles/Tileset_7.asset
  artifactKey: Guid(476e2c043a5cc274ab7622c9bc4fe0d8) Importer(815301076,1909f56bfc062723c751e8b465ee728b)
Start importing Assets/Tugas Praktikum/Tiles/Tileset_7.asset using Guid(476e2c043a5cc274ab7622c9bc4fe0d8) Importer(815301076,1909f56bfc062723c751e8b465ee728b)  -> (artifact id: 'cf71bc13ef7ed3049b99cb176a96aa62') in 0.101481 seconds 
========================================================================
Received Import Request.
  Time since last request: 0.000132 seconds.
  path: Assets/Tugas Praktikum/Tiles/Tileset_3.asset
  artifactKey: Guid(8e1c9b1a97d731d4ebd19819e766bc27) Importer(815301076,1909f56bfc062723c751e8b465ee728b)
Start importing Assets/Tugas Praktikum/Tiles/Tileset_3.asset using Guid(8e1c9b1a97d731d4ebd19819e766bc27) Importer(815301076,1909f56bfc062723c751e8b465ee728b)  -> (artifact id: '008c89b3215c7a3116d181ca71b0d0c6') in 0.094623 seconds 
========================================================================
Received Import Request.
  Time since last request: 0.000437 seconds.
  path: Assets/Tugas Praktikum/Tiles/Tileset_4.asset
  artifactKey: Guid(c417197646fb12f4eb647a95feb5bdfb) Importer(815301076,1909f56bfc062723c751e8b465ee728b)
Start importing Assets/Tugas Praktikum/Tiles/Tileset_4.asset using Guid(c417197646fb12f4eb647a95feb5bdfb) Importer(815301076,1909f56bfc062723c751e8b465ee728b)  -> (artifact id: '99ca5ee76744bfdd2f4bfc27413afb59') in 0.082619 seconds 
========================================================================
Received Import Request.
  Time since last request: 0.000632 seconds.
  path: Assets/Tugas Praktikum/Tiles/Tileset_6.asset
  artifactKey: Guid(039722ddb82f33a4e91b208e3669f0ac) Importer(815301076,1909f56bfc062723c751e8b465ee728b)
Start importing Assets/Tugas Praktikum/Tiles/Tileset_6.asset using Guid(039722ddb82f33a4e91b208e3669f0ac) Importer(815301076,1909f56bfc062723c751e8b465ee728b)  -> (artifact id: '25aad04d3c0685b79df1cd663dbcf888') in 0.100120 seconds 
========================================================================
Received Import Request.
  Time since last request: 0.001157 seconds.
  path: Assets/Tugas Praktikum/Tiles/Tileset_5.asset
  artifactKey: Guid(4ddc3527f163c8245aea32b892388396) Importer(815301076,1909f56bfc062723c751e8b465ee728b)
Start importing Assets/Tugas Praktikum/Tiles/Tileset_5.asset using Guid(4ddc3527f163c8245aea32b892388396) Importer(815301076,1909f56bfc062723c751e8b465ee728b)  -> (artifact id: '93a5aeb9eb55c864387440428af27e75') in 0.097884 seconds 
========================================================================
Received Import Request.
  Time since last request: 0.000586 seconds.
  path: Assets/Tugas Praktikum/Tiles/Tileset_29.asset
  artifactKey: Guid(c7c02444c39024248a6c078b0a3cddb9) Importer(815301076,1909f56bfc062723c751e8b465ee728b)
Start importing Assets/Tugas Praktikum/Tiles/Tileset_29.asset using Guid(c7c02444c39024248a6c078b0a3cddb9) Importer(815301076,1909f56bfc062723c751e8b465ee728b)  -> (artifact id: 'f2a0183905b58bfeaacb1ee4a0e1700f') in 0.095804 seconds 
========================================================================
Received Import Request.
  Time since last request: 0.000136 seconds.
  path: Assets/Tugas Praktikum/Tiles/Tileset_0.asset
  artifactKey: Guid(1d0e036f5d1c7764ebbdf689cf18338d) Importer(815301076,1909f56bfc062723c751e8b465ee728b)
Start importing Assets/Tugas Praktikum/Tiles/Tileset_0.asset using Guid(1d0e036f5d1c7764ebbdf689cf18338d) Importer(815301076,1909f56bfc062723c751e8b465ee728b)  -> (artifact id: '3fa8df1132e8840b2904b69bf2ee95cd') in 0.093757 seconds 
========================================================================
Received Import Request.
  Time since last request: 0.000381 seconds.
  path: Assets/Tugas Praktikum/Tiles/Tileset_30.asset
  artifactKey: Guid(db04a1e491305e9409a5331c8edd3843) Importer(815301076,1909f56bfc062723c751e8b465ee728b)
Start importing Assets/Tugas Praktikum/Tiles/Tileset_30.asset using Guid(db04a1e491305e9409a5331c8edd3843) Importer(815301076,1909f56bfc062723c751e8b465ee728b)  -> (artifact id: '62619a567ce2880743e7f5cba46fc630') in 0.080657 seconds 
========================================================================
Received Import Request.
  Time since last request: 0.000398 seconds.
  path: Assets/Tugas Praktikum/Tiles/Tileset_11.asset
  artifactKey: Guid(33bf36e9549093f468883bb6026d21c6) Importer(815301076,1909f56bfc062723c751e8b465ee728b)
Start importing Assets/Tugas Praktikum/Tiles/Tileset_11.asset using Guid(33bf36e9549093f468883bb6026d21c6) Importer(815301076,1909f56bfc062723c751e8b465ee728b)  -> (artifact id: '3529bea62388217586fc8956f97493cd') in 0.096887 seconds 
========================================================================
Received Import Request.
  Time since last request: 0.000132 seconds.
  path: Assets/Tugas Praktikum/Tiles/Tileset_10.asset
  artifactKey: Guid(69903f0096228b949b40425bdfc781bb) Importer(815301076,1909f56bfc062723c751e8b465ee728b)
Start importing Assets/Tugas Praktikum/Tiles/Tileset_10.asset using Guid(69903f0096228b949b40425bdfc781bb) Importer(815301076,1909f56bfc062723c751e8b465ee728b)  -> (artifact id: '13434cb602ba3987cacfbab42f9d90c8') in 0.046716 seconds 
========================================================================
Received Import Request.
  Time since last request: 0.000455 seconds.
  path: Assets/Tugas Praktikum/Tiles/Tileset_2.asset
  artifactKey: Guid(c5c86772176e54c449ae962a75297b29) Importer(815301076,1909f56bfc062723c751e8b465ee728b)
Start importing Assets/Tugas Praktikum/Tiles/Tileset_2.asset using Guid(c5c86772176e54c449ae962a75297b29) Importer(815301076,1909f56bfc062723c751e8b465ee728b)  -> (artifact id: 'dc6fc666dcdbd6c9985261fcbb1c400c') in 0.088726 seconds 
========================================================================
Received Prepare
Registering precompiled user dll's ...
Registered in 0.095282 seconds.
Begin MonoManager ReloadAssembly
Native extension for WindowsStandalone target not found
Refreshing native plugins compatible for Editor in 0.92 ms, found 3 plugins.
Preloading 0 native plugins for Editor in 0.00 ms.
Mono: successfully reloaded assembly
- Completed reload, in 11.349 seconds
Domain Reload Profiling:
	ReloadAssembly (11363ms)
		BeginReloadAssembly (2625ms)
			ExecutionOrderSort (0ms)
			DisableScriptedObjects (169ms)
			BackupInstance (0ms)
			ReleaseScriptingObjects (0ms)
			CreateAndSetChildDomain (539ms)
		EndReloadAssembly (6663ms)
			LoadAssemblies (3520ms)
			RebuildTransferFunctionScriptingTraits (7ms)
			SetupTypeCache (3041ms)
			ReleaseScriptCaches (3ms)
			RebuildScriptCaches (100ms)
			SetupLoadedEditorAssemblies (937ms)
				LogAssemblyErrors (0ms)
				InitializePlatformSupportModulesInManaged (10ms)
				SetLoadedEditorAssemblies (2ms)
				RefreshPlugins (1ms)
				BeforeProcessingInitializeOnLoad (128ms)
				ProcessInitializeOnLoadAttributes (680ms)
				ProcessInitializeOnLoadMethodAttributes (41ms)
				AfterProcessingInitializeOnLoad (75ms)
				EditorAssembliesLoaded (0ms)
			ExecutionOrderSort2 (0ms)
			AwakeInstancesAfterBackupRestoration (44ms)
Platform modules already initialized, skipping
Refreshing native plugins compatible for Editor in 1.69 ms, found 3 plugins.
Preloading 0 native plugins for Editor in 0.00 ms.
Unloading 2007 Unused Serialized files (Serialized files now loaded: 0)
System memory in use before: 94.9 MB.
System memory in use after: 94.9 MB.

Unloading 18 unused Assets to reduce memory usage. Loaded Objects now: 2493.
Total: 8.064200 ms (FindLiveObjects: 0.595800 ms CreateObjectMapping: 0.241400 ms MarkObjects: 6.987400 ms  DeleteObjects: 0.237200 ms)

AssetImportParameters requested are different than current active one (requested -> active):
  custom:framework-win-MediaFoundation: 216162199b28c13a410421893ffa2e32 -> 
  custom:video-decoder-ogg-theora: a1e56fd34408186e4bbccfd4996cb3dc -> 
  custom:container-muxer-webm: aa71ff27fc2769a1b78a27578f13a17b -> 
  custom:container-demuxer-webm: 4f35f7cbe854078d1ac9338744f61a02 -> 
  custom:container-demuxer-ogg: 62fdf1f143b41e24485cea50d1cbac27 -> 
  custom:video-encoder-webm-vp8: eb34c28f22e8b96e1ab97ce403110664 -> 
  custom:video-decoder-webm-vp8: 9c59270c3fd7afecdb556c50c9e8de78 -> 
  custom:audio-decoder-ogg-vorbis: bf7c407c2cedff20999df2af8eb42d56 -> 
  custom:audio-encoder-webm-vorbis: bf7c407c2cedff20999df2af8eb42d56 -> 
========================================================================
Received Prepare
Registering precompiled user dll's ...
Registered in 0.011348 seconds.
Begin MonoManager ReloadAssembly
Native extension for WindowsStandalone target not found
Refreshing native plugins compatible for Editor in 1.27 ms, found 3 plugins.
Preloading 0 native plugins for Editor in 0.00 ms.
Mono: successfully reloaded assembly
- Completed reload, in 22.013 seconds
Domain Reload Profiling:
	ReloadAssembly (22014ms)
		BeginReloadAssembly (11631ms)
			ExecutionOrderSort (0ms)
			DisableScriptedObjects (4738ms)
			BackupInstance (0ms)
			ReleaseScriptingObjects (0ms)
			CreateAndSetChildDomain (113ms)
		EndReloadAssembly (9391ms)
			LoadAssemblies (795ms)
			RebuildTransferFunctionScriptingTraits (0ms)
			SetupTypeCache (5819ms)
			ReleaseScriptCaches (2ms)
			RebuildScriptCaches (238ms)
			SetupLoadedEditorAssemblies (2147ms)
				LogAssemblyErrors (0ms)
				InitializePlatformSupportModulesInManaged (32ms)
				SetLoadedEditorAssemblies (5ms)
				RefreshPlugins (1ms)
				BeforeProcessingInitializeOnLoad (225ms)
				ProcessInitializeOnLoadAttributes (1770ms)
				ProcessInitializeOnLoadMethodAttributes (74ms)
				AfterProcessingInitializeOnLoad (39ms)
				EditorAssembliesLoaded (1ms)
			ExecutionOrderSort2 (0ms)
			AwakeInstancesAfterBackupRestoration (16ms)
Platform modules already initialized, skipping
Refreshing native plugins compatible for Editor in 1.12 ms, found 3 plugins.
Preloading 0 native plugins for Editor in 0.00 ms.
Unloading 2007 Unused Serialized files (Serialized files now loaded: 0)
System memory in use before: 94.9 MB.
System memory in use after: 95.0 MB.

Unloading 18 unused Assets to reduce memory usage. Loaded Objects now: 2496.
Total: 9.390500 ms (FindLiveObjects: 0.452100 ms CreateObjectMapping: 0.170900 ms MarkObjects: 8.408700 ms  DeleteObjects: 0.355700 ms)

AssetImportParameters requested are different than current active one (requested -> active):
  custom:framework-win-MediaFoundation: 216162199b28c13a410421893ffa2e32 -> 
  custom:video-decoder-ogg-theora: a1e56fd34408186e4bbccfd4996cb3dc -> 
  custom:container-muxer-webm: aa71ff27fc2769a1b78a27578f13a17b -> 
  custom:container-demuxer-webm: 4f35f7cbe854078d1ac9338744f61a02 -> 
  custom:container-demuxer-ogg: 62fdf1f143b41e24485cea50d1cbac27 -> 
  custom:video-encoder-webm-vp8: eb34c28f22e8b96e1ab97ce403110664 -> 
  custom:video-decoder-webm-vp8: 9c59270c3fd7afecdb556c50c9e8de78 -> 
  custom:audio-decoder-ogg-vorbis: bf7c407c2cedff20999df2af8eb42d56 -> 
  custom:audio-encoder-webm-vorbis: bf7c407c2cedff20999df2af8eb42d56 -> 
========================================================================
Received Prepare
Registering precompiled user dll's ...
Registered in 0.005729 seconds.
Begin MonoManager ReloadAssembly
Native extension for WindowsStandalone target not found
Refreshing native plugins compatible for Editor in 1.03 ms, found 3 plugins.
Preloading 0 native plugins for Editor in 0.00 ms.
Mono: successfully reloaded assembly
- Completed reload, in  2.837 seconds
Domain Reload Profiling:
	ReloadAssembly (2839ms)
		BeginReloadAssembly (404ms)
			ExecutionOrderSort (0ms)
			DisableScriptedObjects (32ms)
			BackupInstance (0ms)
			ReleaseScriptingObjects (0ms)
			CreateAndSetChildDomain (95ms)
		EndReloadAssembly (2217ms)
			LoadAssemblies (351ms)
			RebuildTransferFunctionScriptingTraits (0ms)
			SetupTypeCache (627ms)
			ReleaseScriptCaches (5ms)
			RebuildScriptCaches (315ms)
			SetupLoadedEditorAssemblies (745ms)
				LogAssemblyErrors (0ms)
				InitializePlatformSupportModulesInManaged (14ms)
				SetLoadedEditorAssemblies (1ms)
				RefreshPlugins (1ms)
				BeforeProcessingInitializeOnLoad (181ms)
				ProcessInitializeOnLoadAttributes (498ms)
				ProcessInitializeOnLoadMethodAttributes (29ms)
				AfterProcessingInitializeOnLoad (19ms)
				EditorAssembliesLoaded (1ms)
			ExecutionOrderSort2 (0ms)
			AwakeInstancesAfterBackupRestoration (7ms)
Platform modules already initialized, skipping
Refreshing native plugins compatible for Editor in 0.95 ms, found 3 plugins.
Preloading 0 native plugins for Editor in 0.00 ms.
Unloading 2007 Unused Serialized files (Serialized files now loaded: 0)
System memory in use before: 95.0 MB.
System memory in use after: 95.0 MB.

Unloading 18 unused Assets to reduce memory usage. Loaded Objects now: 2499.
Total: 7.178800 ms (FindLiveObjects: 0.376100 ms CreateObjectMapping: 0.131100 ms MarkObjects: 6.442000 ms  DeleteObjects: 0.227200 ms)

AssetImportParameters requested are different than current active one (requested -> active):
  custom:framework-win-MediaFoundation: 216162199b28c13a410421893ffa2e32 -> 
  custom:video-decoder-ogg-theora: a1e56fd34408186e4bbccfd4996cb3dc -> 
  custom:container-muxer-webm: aa71ff27fc2769a1b78a27578f13a17b -> 
  custom:container-demuxer-webm: 4f35f7cbe854078d1ac9338744f61a02 -> 
  custom:container-demuxer-ogg: 62fdf1f143b41e24485cea50d1cbac27 -> 
  custom:video-encoder-webm-vp8: eb34c28f22e8b96e1ab97ce403110664 -> 
  custom:video-decoder-webm-vp8: 9c59270c3fd7afecdb556c50c9e8de78 -> 
  custom:audio-decoder-ogg-vorbis: bf7c407c2cedff20999df2af8eb42d56 -> 
  custom:audio-encoder-webm-vorbis: bf7c407c2cedff20999df2af8eb42d56 -> 
========================================================================
Received Import Request.
  Time since last request: 919.128577 seconds.
  path: Assets/Tiny Platformer - Forest Asset Pack/Background/Layer_01.png
  artifactKey: Guid(32f7afec241f0304ba5ab1dd88334d51) Importer(815301076,1909f56bfc062723c751e8b465ee728b)
Start importing Assets/Tiny Platformer - Forest Asset Pack/Background/Layer_01.png using Guid(32f7afec241f0304ba5ab1dd88334d51) Importer(815301076,1909f56bfc062723c751e8b465ee728b)  -> (artifact id: 'f0df2204b0b5f86c7b54dacf1d19e3cc') in 0.328680 seconds 
========================================================================
Received Import Request.
  Time since last request: 0.000514 seconds.
  path: Assets/Tiny Platformer - Forest Asset Pack/Background/Layer_03.png
  artifactKey: Guid(e1d3e47dd476d7b4388423edc6a2da51) Importer(815301076,1909f56bfc062723c751e8b465ee728b)
Start importing Assets/Tiny Platformer - Forest Asset Pack/Background/Layer_03.png using Guid(e1d3e47dd476d7b4388423edc6a2da51) Importer(815301076,1909f56bfc062723c751e8b465ee728b)  -> (artifact id: 'd567c948150ab7a7cfccbe00a5e7f095') in 0.169562 seconds 
========================================================================
Received Import Request.
  Time since last request: 0.000527 seconds.
  path: Assets/Tiny Platformer - Forest Asset Pack/Background/Layer_02.png
  artifactKey: Guid(23156e15040805944b85fad8105bc268) Importer(815301076,1909f56bfc062723c751e8b465ee728b)
Start importing Assets/Tiny Platformer - Forest Asset Pack/Background/Layer_02.png using Guid(23156e15040805944b85fad8105bc268) Importer(815301076,1909f56bfc062723c751e8b465ee728b)  -> (artifact id: '3863ddb4bb861885a0bc381f9f289a68') in 0.155258 seconds 
========================================================================
Received Import Request.
  Time since last request: 161.364934 seconds.
  path: Packages/com.unity.2d.sprite/Editor/ObjectMenuCreation/DefaultAssets/Textures/CircleMask.png
  artifactKey: Guid(87aaca0a643d54397ba969dab4fc8875) Importer(815301076,1909f56bfc062723c751e8b465ee728b)
Start importing Packages/com.unity.2d.sprite/Editor/ObjectMenuCreation/DefaultAssets/Textures/CircleMask.png using Guid(87aaca0a643d54397ba969dab4fc8875) Importer(815301076,1909f56bfc062723c751e8b465ee728b)  -> (artifact id: 'f1de7eb95ac230af25998b29e4b54829') in 4.364843 seconds 
========================================================================
Received Import Request.
  Time since last request: 0.001945 seconds.
  path: Packages/com.unity.2d.sprite/Editor/ObjectMenuCreation/DefaultAssets/Textures/HexagonPointed-Top.png
  artifactKey: Guid(eed45a33cd08446c8b88325cf82fc52f) Importer(815301076,1909f56bfc062723c751e8b465ee728b)
Start importing Packages/com.unity.2d.sprite/Editor/ObjectMenuCreation/DefaultAssets/Textures/HexagonPointed-Top.png using Guid(eed45a33cd08446c8b88325cf82fc52f) Importer(815301076,1909f56bfc062723c751e8b465ee728b)  -> (artifact id: 'bb2c0bafdacfcd94a9b32efdc56913ff') in 0.263937 seconds 
========================================================================
Received Import Request.
  Time since last request: 0.000530 seconds.
  path: Packages/com.unity.2d.sprite/Editor/ObjectMenuCreation/DefaultAssets/Textures/HexagonPointed-TopWithBorder.png
  artifactKey: Guid(4b2a04fdbe0ef4d8da8f90eaca817cd1) Importer(815301076,1909f56bfc062723c751e8b465ee728b)
Start importing Packages/com.unity.2d.sprite/Editor/ObjectMenuCreation/DefaultAssets/Textures/HexagonPointed-TopWithBorder.png using Guid(4b2a04fdbe0ef4d8da8f90eaca817cd1) Importer(815301076,1909f56bfc062723c751e8b465ee728b)  -> (artifact id: 'f7818bef631732afadb9a39be9d5c549') in 0.157675 seconds 
========================================================================
Received Import Request.
  Time since last request: 0.000557 seconds.
  path: Packages/com.unity.2d.sprite/Editor/ObjectMenuCreation/DefaultAssets/Textures/HexagonFlat-TopWithBorder.png
  artifactKey: Guid(a9716c16a44a94eed9b5c90fbf4d9bdd) Importer(815301076,1909f56bfc062723c751e8b465ee728b)
Start importing Packages/com.unity.2d.sprite/Editor/ObjectMenuCreation/DefaultAssets/Textures/HexagonFlat-TopWithBorder.png using Guid(a9716c16a44a94eed9b5c90fbf4d9bdd) Importer(815301076,1909f56bfc062723c751e8b465ee728b)  -> (artifact id: '79361c2b980bea536152260a7e705483') in 0.188532 seconds 
========================================================================
Received Import Request.
  Time since last request: 0.000600 seconds.
  path: Packages/com.unity.2d.sprite/Editor/ObjectMenuCreation/DefaultAssets/Textures/HexagonFlat-Top.png
  artifactKey: Guid(16037dbd798344f57a526d53d48f5ead) Importer(815301076,1909f56bfc062723c751e8b465ee728b)
Start importing Packages/com.unity.2d.sprite/Editor/ObjectMenuCreation/DefaultAssets/Textures/HexagonFlat-Top.png using Guid(16037dbd798344f57a526d53d48f5ead) Importer(815301076,1909f56bfc062723c751e8b465ee728b)  -> (artifact id: '0d5ff0b3223f9e8a81497ca35a2ca828') in 0.151997 seconds 
========================================================================
Received Import Request.
  Time since last request: 0.000515 seconds.
  path: Packages/com.unity.2d.sprite/Editor/ObjectMenuCreation/DefaultAssets/Textures/Square.png
  artifactKey: Guid(48e93eef0688c4a259cb0eddcd8661f7) Importer(815301076,1909f56bfc062723c751e8b465ee728b)
Start importing Packages/com.unity.2d.sprite/Editor/ObjectMenuCreation/DefaultAssets/Textures/Square.png using Guid(48e93eef0688c4a259cb0eddcd8661f7) Importer(815301076,1909f56bfc062723c751e8b465ee728b)  -> (artifact id: 'b9494d3f1256b6fd9d2a4503217372ec') in 0.140306 seconds 
========================================================================
Received Import Request.
  Time since last request: 0.000593 seconds.
  path: Packages/com.unity.2d.sprite/Editor/ObjectMenuCreation/DefaultAssets/Textures/CircleWithBorder.png
  artifactKey: Guid(4adeaf2d2b1c7417e89f026626d8264f) Importer(815301076,1909f56bfc062723c751e8b465ee728b)
Start importing Packages/com.unity.2d.sprite/Editor/ObjectMenuCreation/DefaultAssets/Textures/CircleWithBorder.png using Guid(4adeaf2d2b1c7417e89f026626d8264f) Importer(815301076,1909f56bfc062723c751e8b465ee728b)  -> (artifact id: 'd8cc02c683493a2629e1ede7e02c851a') in 0.154763 seconds 
========================================================================
Received Import Request.
  Time since last request: 0.000656 seconds.
  path: Packages/com.unity.2d.sprite/Editor/ObjectMenuCreation/DefaultAssets/Textures/SquareWithBorder.png
  artifactKey: Guid(db750325989564987a34393247d883b4) Importer(815301076,1909f56bfc062723c751e8b465ee728b)
Start importing Packages/com.unity.2d.sprite/Editor/ObjectMenuCreation/DefaultAssets/Textures/SquareWithBorder.png using Guid(db750325989564987a34393247d883b4) Importer(815301076,1909f56bfc062723c751e8b465ee728b)  -> (artifact id: '3ad02aa874ca67cb0301d78eb8c80c22') in 0.134603 seconds 
========================================================================
Received Import Request.
  Time since last request: 0.000604 seconds.
  path: Packages/com.unity.2d.sprite/Editor/ObjectMenuCreation/DefaultAssets/Textures/IsometricDiamond.png
  artifactKey: Guid(045b15ec09bba42448d89db77fa6f20a) Importer(815301076,1909f56bfc062723c751e8b465ee728b)
Start importing Packages/com.unity.2d.sprite/Editor/ObjectMenuCreation/DefaultAssets/Textures/IsometricDiamond.png using Guid(045b15ec09bba42448d89db77fa6f20a) Importer(815301076,1909f56bfc062723c751e8b465ee728b)  -> (artifact id: '60fcdf506fdbd7b7cb9eb9d1911dd6b1') in 0.089441 seconds 
========================================================================
Received Import Request.
  Time since last request: 0.000581 seconds.
  path: Packages/com.unity.2d.sprite/Editor/ObjectMenuCreation/DefaultAssets/Textures/IsometricDiamondWithBorder.png
  artifactKey: Guid(0d267bc78a0864eb48358689b29ed20a) Importer(815301076,1909f56bfc062723c751e8b465ee728b)
Start importing Packages/com.unity.2d.sprite/Editor/ObjectMenuCreation/DefaultAssets/Textures/IsometricDiamondWithBorder.png using Guid(0d267bc78a0864eb48358689b29ed20a) Importer(815301076,1909f56bfc062723c751e8b465ee728b)  -> (artifact id: '8002ea3e7d7221322fa1045ab22f14ad') in 0.272575 seconds 
========================================================================
Received Prepare
Registering precompiled user dll's ...
Registered in 0.016711 seconds.
Begin MonoManager ReloadAssembly
Native extension for WindowsStandalone target not found
Refreshing native plugins compatible for Editor in 1.23 ms, found 3 plugins.
Preloading 0 native plugins for Editor in 0.00 ms.
Mono: successfully reloaded assembly
- Completed reload, in  3.214 seconds
Domain Reload Profiling:
	ReloadAssembly (3215ms)
		BeginReloadAssembly (407ms)
			ExecutionOrderSort (0ms)
			DisableScriptedObjects (19ms)
			BackupInstance (0ms)
			ReleaseScriptingObjects (0ms)
			CreateAndSetChildDomain (127ms)
		EndReloadAssembly (2601ms)
			LoadAssemblies (356ms)
			RebuildTransferFunctionScriptingTraits (0ms)
			SetupTypeCache (946ms)
			ReleaseScriptCaches (6ms)
			RebuildScriptCaches (138ms)
			SetupLoadedEditorAssemblies (965ms)
				LogAssemblyErrors (0ms)
				InitializePlatformSupportModulesInManaged (14ms)
				SetLoadedEditorAssemblies (3ms)
				RefreshPlugins (1ms)
				BeforeProcessingInitializeOnLoad (177ms)
				ProcessInitializeOnLoadAttributes (712ms)
				ProcessInitializeOnLoadMethodAttributes (35ms)
				AfterProcessingInitializeOnLoad (22ms)
				EditorAssembliesLoaded (0ms)
			ExecutionOrderSort2 (0ms)
			AwakeInstancesAfterBackupRestoration (9ms)
Platform modules already initialized, skipping
Refreshing native plugins compatible for Editor in 1.18 ms, found 3 plugins.
Preloading 0 native plugins for Editor in 0.00 ms.
Unloading 2007 Unused Serialized files (Serialized files now loaded: 0)
System memory in use before: 95.0 MB.
System memory in use after: 95.0 MB.

Unloading 18 unused Assets to reduce memory usage. Loaded Objects now: 2516.
Total: 9.603100 ms (FindLiveObjects: 0.475200 ms CreateObjectMapping: 0.143800 ms MarkObjects: 8.726200 ms  DeleteObjects: 0.254500 ms)

AssetImportParameters requested are different than current active one (requested -> active):
  custom:framework-win-MediaFoundation: 216162199b28c13a410421893ffa2e32 -> 
  custom:video-decoder-ogg-theora: a1e56fd34408186e4bbccfd4996cb3dc -> 
  custom:container-muxer-webm: aa71ff27fc2769a1b78a27578f13a17b -> 
  custom:container-demuxer-webm: 4f35f7cbe854078d1ac9338744f61a02 -> 
  custom:container-demuxer-ogg: 62fdf1f143b41e24485cea50d1cbac27 -> 
  custom:video-encoder-webm-vp8: eb34c28f22e8b96e1ab97ce403110664 -> 
  custom:video-decoder-webm-vp8: 9c59270c3fd7afecdb556c50c9e8de78 -> 
  custom:audio-decoder-ogg-vorbis: bf7c407c2cedff20999df2af8eb42d56 -> 
  custom:audio-encoder-webm-vorbis: bf7c407c2cedff20999df2af8eb42d56 -> 
========================================================================
Received Prepare
Registering precompiled user dll's ...
Registered in 0.024733 seconds.
Begin MonoManager ReloadAssembly
Native extension for WindowsStandalone target not found
Refreshing native plugins compatible for Editor in 1.15 ms, found 3 plugins.
Preloading 0 native plugins for Editor in 0.00 ms.
Mono: successfully reloaded assembly
- Completed reload, in  4.381 seconds
Domain Reload Profiling:
	ReloadAssembly (4382ms)
		BeginReloadAssembly (341ms)
			ExecutionOrderSort (0ms)
			DisableScriptedObjects (13ms)
			BackupInstance (0ms)
			ReleaseScriptingObjects (0ms)
			CreateAndSetChildDomain (61ms)
		EndReloadAssembly (3822ms)
			LoadAssemblies (385ms)
			RebuildTransferFunctionScriptingTraits (0ms)
			SetupTypeCache (1387ms)
			ReleaseScriptCaches (2ms)
			RebuildScriptCaches (197ms)
			SetupLoadedEditorAssemblies (1556ms)
				LogAssemblyErrors (0ms)
				InitializePlatformSupportModulesInManaged (15ms)
				SetLoadedEditorAssemblies (1ms)
				RefreshPlugins (1ms)
				BeforeProcessingInitializeOnLoad (247ms)
				ProcessInitializeOnLoadAttributes (1168ms)
				ProcessInitializeOnLoadMethodAttributes (48ms)
				AfterProcessingInitializeOnLoad (75ms)
				EditorAssembliesLoaded (0ms)
			ExecutionOrderSort2 (0ms)
			AwakeInstancesAfterBackupRestoration (8ms)
Platform modules already initialized, skipping
Refreshing native plugins compatible for Editor in 1.83 ms, found 3 plugins.
Preloading 0 native plugins for Editor in 0.00 ms.
Unloading 2007 Unused Serialized files (Serialized files now loaded: 0)
System memory in use before: 95.0 MB.
System memory in use after: 95.0 MB.

Unloading 18 unused Assets to reduce memory usage. Loaded Objects now: 2519.
Total: 7.895200 ms (FindLiveObjects: 0.430000 ms CreateObjectMapping: 0.313600 ms MarkObjects: 6.850100 ms  DeleteObjects: 0.298100 ms)

AssetImportParameters requested are different than current active one (requested -> active):
  custom:framework-win-MediaFoundation: 216162199b28c13a410421893ffa2e32 -> 
  custom:video-decoder-ogg-theora: a1e56fd34408186e4bbccfd4996cb3dc -> 
  custom:container-muxer-webm: aa71ff27fc2769a1b78a27578f13a17b -> 
  custom:container-demuxer-webm: 4f35f7cbe854078d1ac9338744f61a02 -> 
  custom:container-demuxer-ogg: 62fdf1f143b41e24485cea50d1cbac27 -> 
  custom:video-encoder-webm-vp8: eb34c28f22e8b96e1ab97ce403110664 -> 
  custom:video-decoder-webm-vp8: 9c59270c3fd7afecdb556c50c9e8de78 -> 
  custom:audio-decoder-ogg-vorbis: bf7c407c2cedff20999df2af8eb42d56 -> 
  custom:audio-encoder-webm-vorbis: bf7c407c2cedff20999df2af8eb42d56 -> 
========================================================================
Received Prepare
Registering precompiled user dll's ...
Registered in 0.009103 seconds.
Begin MonoManager ReloadAssembly
Native extension for WindowsStandalone target not found
Refreshing native plugins compatible for Editor in 1.36 ms, found 3 plugins.
Preloading 0 native plugins for Editor in 0.00 ms.
Mono: successfully reloaded assembly
- Completed reload, in  7.409 seconds
Domain Reload Profiling:
	ReloadAssembly (7412ms)
		BeginReloadAssembly (726ms)
			ExecutionOrderSort (0ms)
			DisableScriptedObjects (74ms)
			BackupInstance (0ms)
			ReleaseScriptingObjects (0ms)
			CreateAndSetChildDomain (151ms)
		EndReloadAssembly (6426ms)
			LoadAssemblies (601ms)
			RebuildTransferFunctionScriptingTraits (0ms)
			SetupTypeCache (1148ms)
			ReleaseScriptCaches (3ms)
			RebuildScriptCaches (374ms)
			SetupLoadedEditorAssemblies (4023ms)
				LogAssemblyErrors (0ms)
				InitializePlatformSupportModulesInManaged (26ms)
				SetLoadedEditorAssemblies (1ms)
				RefreshPlugins (2ms)
				BeforeProcessingInitializeOnLoad (198ms)
				ProcessInitializeOnLoadAttributes (3701ms)
				ProcessInitializeOnLoadMethodAttributes (56ms)
				AfterProcessingInitializeOnLoad (39ms)
				EditorAssembliesLoaded (0ms)
			ExecutionOrderSort2 (0ms)
			AwakeInstancesAfterBackupRestoration (13ms)
Platform modules already initialized, skipping
Refreshing native plugins compatible for Editor in 43.83 ms, found 3 plugins.
Preloading 0 native plugins for Editor in 0.00 ms.
Unloading 2007 Unused Serialized files (Serialized files now loaded: 0)
System memory in use before: 95.0 MB.
System memory in use after: 95.0 MB.

Unloading 18 unused Assets to reduce memory usage. Loaded Objects now: 2522.
Total: 29.965500 ms (FindLiveObjects: 1.425700 ms CreateObjectMapping: 0.825700 ms MarkObjects: 25.227000 ms  DeleteObjects: 2.482800 ms)

AssetImportParameters requested are different than current active one (requested -> active):
  custom:framework-win-MediaFoundation: 216162199b28c13a410421893ffa2e32 -> 
  custom:video-decoder-ogg-theora: a1e56fd34408186e4bbccfd4996cb3dc -> 
  custom:container-muxer-webm: aa71ff27fc2769a1b78a27578f13a17b -> 
  custom:container-demuxer-webm: 4f35f7cbe854078d1ac9338744f61a02 -> 
  custom:container-demuxer-ogg: 62fdf1f143b41e24485cea50d1cbac27 -> 
  custom:video-encoder-webm-vp8: eb34c28f22e8b96e1ab97ce403110664 -> 
  custom:video-decoder-webm-vp8: 9c59270c3fd7afecdb556c50c9e8de78 -> 
  custom:audio-decoder-ogg-vorbis: bf7c407c2cedff20999df2af8eb42d56 -> 
  custom:audio-encoder-webm-vorbis: bf7c407c2cedff20999df2af8eb42d56 -> 
========================================================================
Received Prepare
Registering precompiled user dll's ...
Registered in 0.027375 seconds.
Begin MonoManager ReloadAssembly
Native extension for WindowsStandalone target not found
Refreshing native plugins compatible for Editor in 2.32 ms, found 3 plugins.
Preloading 0 native plugins for Editor in 0.00 ms.
Mono: successfully reloaded assembly
- Completed reload, in 12.631 seconds
Domain Reload Profiling:
	ReloadAssembly (12634ms)
		BeginReloadAssembly (603ms)
			ExecutionOrderSort (0ms)
			DisableScriptedObjects (19ms)
			BackupInstance (0ms)
			ReleaseScriptingObjects (0ms)
			CreateAndSetChildDomain (227ms)
		EndReloadAssembly (11699ms)
			LoadAssemblies (681ms)
			RebuildTransferFunctionScriptingTraits (3ms)
			SetupTypeCache (4077ms)
			ReleaseScriptCaches (13ms)
			RebuildScriptCaches (722ms)
			SetupLoadedEditorAssemblies (4683ms)
				LogAssemblyErrors (0ms)
				InitializePlatformSupportModulesInManaged (67ms)
				SetLoadedEditorAssemblies (8ms)
				RefreshPlugins (6ms)
				BeforeProcessingInitializeOnLoad (736ms)
				ProcessInitializeOnLoadAttributes (3574ms)
				ProcessInitializeOnLoadMethodAttributes (174ms)
				AfterProcessingInitializeOnLoad (117ms)
				EditorAssembliesLoaded (2ms)
			ExecutionOrderSort2 (1ms)
			AwakeInstancesAfterBackupRestoration (49ms)
Platform modules already initialized, skipping
Refreshing native plugins compatible for Editor in 1.65 ms, found 3 plugins.
Preloading 0 native plugins for Editor in 0.00 ms.
Unloading 2007 Unused Serialized files (Serialized files now loaded: 0)
System memory in use before: 95.0 MB.
System memory in use after: 95.0 MB.

Unloading 18 unused Assets to reduce memory usage. Loaded Objects now: 2525.
Total: 23.012400 ms (FindLiveObjects: 0.701400 ms CreateObjectMapping: 0.303600 ms MarkObjects: 21.675700 ms  DeleteObjects: 0.308600 ms)

AssetImportParameters requested are different than current active one (requested -> active):
  custom:framework-win-MediaFoundation: 216162199b28c13a410421893ffa2e32 -> 
  custom:video-decoder-ogg-theora: a1e56fd34408186e4bbccfd4996cb3dc -> 
  custom:container-muxer-webm: aa71ff27fc2769a1b78a27578f13a17b -> 
  custom:container-demuxer-webm: 4f35f7cbe854078d1ac9338744f61a02 -> 
  custom:container-demuxer-ogg: 62fdf1f143b41e24485cea50d1cbac27 -> 
  custom:video-encoder-webm-vp8: eb34c28f22e8b96e1ab97ce403110664 -> 
  custom:video-decoder-webm-vp8: 9c59270c3fd7afecdb556c50c9e8de78 -> 
  custom:audio-decoder-ogg-vorbis: bf7c407c2cedff20999df2af8eb42d56 -> 
  custom:audio-encoder-webm-vorbis: bf7c407c2cedff20999df2af8eb42d56 -> 
========================================================================
Received Prepare
Registering precompiled user dll's ...
Registered in 0.049722 seconds.
Begin MonoManager ReloadAssembly
Native extension for WindowsStandalone target not found
Refreshing native plugins compatible for Editor in 1.28 ms, found 3 plugins.
Preloading 0 native plugins for Editor in 0.00 ms.
Mono: successfully reloaded assembly
- Completed reload, in  5.501 seconds
Domain Reload Profiling:
	ReloadAssembly (5505ms)
		BeginReloadAssembly (1550ms)
			ExecutionOrderSort (0ms)
			DisableScriptedObjects (212ms)
			BackupInstance (0ms)
			ReleaseScriptingObjects (1ms)
			CreateAndSetChildDomain (339ms)
		EndReloadAssembly (3729ms)
			LoadAssemblies (978ms)
			RebuildTransferFunctionScriptingTraits (0ms)
			SetupTypeCache (1252ms)
			ReleaseScriptCaches (3ms)
			RebuildScriptCaches (156ms)
			SetupLoadedEditorAssemblies (1372ms)
				LogAssemblyErrors (0ms)
				InitializePlatformSupportModulesInManaged (15ms)
				SetLoadedEditorAssemblies (2ms)
				RefreshPlugins (1ms)
				BeforeProcessingInitializeOnLoad (254ms)
				ProcessInitializeOnLoadAttributes (789ms)
				ProcessInitializeOnLoadMethodAttributes (180ms)
				AfterProcessingInitializeOnLoad (130ms)
				EditorAssembliesLoaded (1ms)
			ExecutionOrderSort2 (0ms)
			AwakeInstancesAfterBackupRestoration (46ms)
Platform modules already initialized, skipping
Refreshing native plugins compatible for Editor in 1.43 ms, found 3 plugins.
Preloading 0 native plugins for Editor in 0.00 ms.
Unloading 2007 Unused Serialized files (Serialized files now loaded: 0)
System memory in use before: 95.0 MB.
System memory in use after: 95.0 MB.

Unloading 18 unused Assets to reduce memory usage. Loaded Objects now: 2528.
Total: 23.178000 ms (FindLiveObjects: 0.805500 ms CreateObjectMapping: 0.451100 ms MarkObjects: 21.611200 ms  DeleteObjects: 0.306900 ms)

AssetImportParameters requested are different than current active one (requested -> active):
  custom:framework-win-MediaFoundation: 216162199b28c13a410421893ffa2e32 -> 
  custom:video-decoder-ogg-theora: a1e56fd34408186e4bbccfd4996cb3dc -> 
  custom:container-muxer-webm: aa71ff27fc2769a1b78a27578f13a17b -> 
  custom:container-demuxer-webm: 4f35f7cbe854078d1ac9338744f61a02 -> 
  custom:container-demuxer-ogg: 62fdf1f143b41e24485cea50d1cbac27 -> 
  custom:video-encoder-webm-vp8: eb34c28f22e8b96e1ab97ce403110664 -> 
  custom:video-decoder-webm-vp8: 9c59270c3fd7afecdb556c50c9e8de78 -> 
  custom:audio-decoder-ogg-vorbis: bf7c407c2cedff20999df2af8eb42d56 -> 
  custom:audio-encoder-webm-vorbis: bf7c407c2cedff20999df2af8eb42d56 -> 
========================================================================
Received Prepare
Registering precompiled user dll's ...
Registered in 0.028294 seconds.
Begin MonoManager ReloadAssembly
Native extension for WindowsStandalone target not found
Refreshing native plugins compatible for Editor in 1.01 ms, found 3 plugins.
Preloading 0 native plugins for Editor in 0.00 ms.
Mono: successfully reloaded assembly
- Completed reload, in  2.936 seconds
Domain Reload Profiling:
	ReloadAssembly (2937ms)
		BeginReloadAssembly (294ms)
			ExecutionOrderSort (0ms)
			DisableScriptedObjects (21ms)
			BackupInstance (0ms)
			ReleaseScriptingObjects (0ms)
			CreateAndSetChildDomain (75ms)
		EndReloadAssembly (2491ms)
			LoadAssemblies (268ms)
			RebuildTransferFunctionScriptingTraits (0ms)
			SetupTypeCache (763ms)
			ReleaseScriptCaches (3ms)
			RebuildScriptCaches (121ms)
			SetupLoadedEditorAssemblies (1160ms)
				LogAssemblyErrors (0ms)
				InitializePlatformSupportModulesInManaged (10ms)
				SetLoadedEditorAssemblies (1ms)
				RefreshPlugins (1ms)
				BeforeProcessingInitializeOnLoad (306ms)
				ProcessInitializeOnLoadAttributes (793ms)
				ProcessInitializeOnLoadMethodAttributes (29ms)
				AfterProcessingInitializeOnLoad (19ms)
				EditorAssembliesLoaded (0ms)
			ExecutionOrderSort2 (0ms)
			AwakeInstancesAfterBackupRestoration (6ms)
Platform modules already initialized, skipping
Refreshing native plugins compatible for Editor in 1.05 ms, found 3 plugins.
Preloading 0 native plugins for Editor in 0.00 ms.
Unloading 2007 Unused Serialized files (Serialized files now loaded: 0)
System memory in use before: 95.0 MB.
System memory in use after: 95.1 MB.

Unloading 18 unused Assets to reduce memory usage. Loaded Objects now: 2531.
Total: 7.197100 ms (FindLiveObjects: 0.452300 ms CreateObjectMapping: 0.131500 ms MarkObjects: 6.376100 ms  DeleteObjects: 0.234700 ms)

AssetImportParameters requested are different than current active one (requested -> active):
  custom:framework-win-MediaFoundation: 216162199b28c13a410421893ffa2e32 -> 
  custom:video-decoder-ogg-theora: a1e56fd34408186e4bbccfd4996cb3dc -> 
  custom:container-muxer-webm: aa71ff27fc2769a1b78a27578f13a17b -> 
  custom:container-demuxer-webm: 4f35f7cbe854078d1ac9338744f61a02 -> 
  custom:container-demuxer-ogg: 62fdf1f143b41e24485cea50d1cbac27 -> 
  custom:video-encoder-webm-vp8: eb34c28f22e8b96e1ab97ce403110664 -> 
  custom:video-decoder-webm-vp8: 9c59270c3fd7afecdb556c50c9e8de78 -> 
  custom:audio-decoder-ogg-vorbis: bf7c407c2cedff20999df2af8eb42d56 -> 
  custom:audio-encoder-webm-vorbis: bf7c407c2cedff20999df2af8eb42d56 -> 
========================================================================
Received Prepare
Registering precompiled user dll's ...
Registered in 0.039089 seconds.
Begin MonoManager ReloadAssembly
Native extension for WindowsStandalone target not found
Refreshing native plugins compatible for Editor in 4.49 ms, found 3 plugins.
Preloading 0 native plugins for Editor in 0.00 ms.
Mono: successfully reloaded assembly
- Completed reload, in 10.597 seconds
Domain Reload Profiling:
	ReloadAssembly (10598ms)
		BeginReloadAssembly (1127ms)
			ExecutionOrderSort (0ms)
			DisableScriptedObjects (135ms)
			BackupInstance (0ms)
			ReleaseScriptingObjects (1ms)
			CreateAndSetChildDomain (296ms)
		EndReloadAssembly (8828ms)
			LoadAssemblies (950ms)
			RebuildTransferFunctionScriptingTraits (0ms)
			SetupTypeCache (2620ms)
			ReleaseScriptCaches (4ms)
			RebuildScriptCaches (475ms)
			SetupLoadedEditorAssemblies (3615ms)
				LogAssemblyErrors (0ms)
				InitializePlatformSupportModulesInManaged (41ms)
				SetLoadedEditorAssemblies (2ms)
				RefreshPlugins (5ms)
				BeforeProcessingInitializeOnLoad (794ms)
				ProcessInitializeOnLoadAttributes (2432ms)
				ProcessInitializeOnLoadMethodAttributes (202ms)
				AfterProcessingInitializeOnLoad (137ms)
				EditorAssembliesLoaded (2ms)
			ExecutionOrderSort2 (0ms)
			AwakeInstancesAfterBackupRestoration (39ms)
Platform modules already initialized, skipping
Refreshing native plugins compatible for Editor in 2.76 ms, found 3 plugins.
Preloading 0 native plugins for Editor in 0.00 ms.
Unloading 2007 Unused Serialized files (Serialized files now loaded: 0)
System memory in use before: 95.1 MB.
System memory in use after: 95.1 MB.

Unloading 18 unused Assets to reduce memory usage. Loaded Objects now: 2534.
Total: 24.021600 ms (FindLiveObjects: 0.414000 ms CreateObjectMapping: 0.228700 ms MarkObjects: 22.889700 ms  DeleteObjects: 0.486200 ms)

AssetImportParameters requested are different than current active one (requested -> active):
  custom:framework-win-MediaFoundation: 216162199b28c13a410421893ffa2e32 -> 
  custom:video-decoder-ogg-theora: a1e56fd34408186e4bbccfd4996cb3dc -> 
  custom:container-muxer-webm: aa71ff27fc2769a1b78a27578f13a17b -> 
  custom:container-demuxer-webm: 4f35f7cbe854078d1ac9338744f61a02 -> 
  custom:container-demuxer-ogg: 62fdf1f143b41e24485cea50d1cbac27 -> 
  custom:video-encoder-webm-vp8: eb34c28f22e8b96e1ab97ce403110664 -> 
  custom:video-decoder-webm-vp8: 9c59270c3fd7afecdb556c50c9e8de78 -> 
  custom:audio-decoder-ogg-vorbis: bf7c407c2cedff20999df2af8eb42d56 -> 
  custom:audio-encoder-webm-vorbis: bf7c407c2cedff20999df2af8eb42d56 -> 
========================================================================
Received Prepare
Registering precompiled user dll's ...
Registered in 0.006705 seconds.
Begin MonoManager ReloadAssembly
Native extension for WindowsStandalone target not found
Refreshing native plugins compatible for Editor in 0.98 ms, found 3 plugins.
Preloading 0 native plugins for Editor in 0.00 ms.
Mono: successfully reloaded assembly
- Completed reload, in  5.839 seconds
Domain Reload Profiling:
	ReloadAssembly (5841ms)
		BeginReloadAssembly (263ms)
			ExecutionOrderSort (0ms)
			DisableScriptedObjects (31ms)
			BackupInstance (0ms)
			ReleaseScriptingObjects (0ms)
			CreateAndSetChildDomain (66ms)
		EndReloadAssembly (5455ms)
			LoadAssemblies (239ms)
			RebuildTransferFunctionScriptingTraits (0ms)
			SetupTypeCache (1347ms)
			ReleaseScriptCaches (2ms)
			RebuildScriptCaches (100ms)
			SetupLoadedEditorAssemblies (3381ms)
				LogAssemblyErrors (0ms)
				InitializePlatformSupportModulesInManaged (9ms)
				SetLoadedEditorAssemblies (2ms)
				RefreshPlugins (1ms)
				BeforeProcessingInitializeOnLoad (123ms)
				ProcessInitializeOnLoadAttributes (2959ms)
				ProcessInitializeOnLoadMethodAttributes (161ms)
				AfterProcessingInitializeOnLoad (123ms)
				EditorAssembliesLoaded (3ms)
			ExecutionOrderSort2 (0ms)
			AwakeInstancesAfterBackupRestoration (25ms)
Platform modules already initialized, skipping
Refreshing native plugins compatible for Editor in 3.29 ms, found 3 plugins.
Preloading 0 native plugins for Editor in 0.00 ms.
Unloading 2007 Unused Serialized files (Serialized files now loaded: 0)
System memory in use before: 95.1 MB.
System memory in use after: 95.1 MB.

Unloading 18 unused Assets to reduce memory usage. Loaded Objects now: 2537.
Total: 23.165800 ms (FindLiveObjects: 0.576700 ms CreateObjectMapping: 1.216000 ms MarkObjects: 21.087400 ms  DeleteObjects: 0.282200 ms)

AssetImportParameters requested are different than current active one (requested -> active):
  custom:framework-win-MediaFoundation: 216162199b28c13a410421893ffa2e32 -> 
  custom:video-decoder-ogg-theora: a1e56fd34408186e4bbccfd4996cb3dc -> 
  custom:container-muxer-webm: aa71ff27fc2769a1b78a27578f13a17b -> 
  custom:container-demuxer-webm: 4f35f7cbe854078d1ac9338744f61a02 -> 
  custom:container-demuxer-ogg: 62fdf1f143b41e24485cea50d1cbac27 -> 
  custom:video-encoder-webm-vp8: eb34c28f22e8b96e1ab97ce403110664 -> 
  custom:video-decoder-webm-vp8: 9c59270c3fd7afecdb556c50c9e8de78 -> 
  custom:audio-decoder-ogg-vorbis: bf7c407c2cedff20999df2af8eb42d56 -> 
  custom:audio-encoder-webm-vorbis: bf7c407c2cedff20999df2af8eb42d56 -> 
========================================================================
Received Prepare
Registering precompiled user dll's ...
Registered in 0.030486 seconds.
Begin MonoManager ReloadAssembly
Native extension for WindowsStandalone target not found
Refreshing native plugins compatible for Editor in 2.82 ms, found 3 plugins.
Preloading 0 native plugins for Editor in 0.00 ms.
Mono: successfully reloaded assembly
- Completed reload, in 11.682 seconds
Domain Reload Profiling:
	ReloadAssembly (11685ms)
		BeginReloadAssembly (1365ms)
			ExecutionOrderSort (0ms)
			DisableScriptedObjects (92ms)
			BackupInstance (0ms)
			ReleaseScriptingObjects (0ms)
			CreateAndSetChildDomain (354ms)
		EndReloadAssembly (9834ms)
			LoadAssemblies (940ms)
			RebuildTransferFunctionScriptingTraits (0ms)
			SetupTypeCache (3706ms)
			ReleaseScriptCaches (7ms)
			RebuildScriptCaches (649ms)
			SetupLoadedEditorAssemblies (3325ms)
				LogAssemblyErrors (0ms)
				InitializePlatformSupportModulesInManaged (67ms)
				SetLoadedEditorAssemblies (3ms)
				RefreshPlugins (3ms)
				BeforeProcessingInitializeOnLoad (576ms)
				ProcessInitializeOnLoadAttributes (2453ms)
				ProcessInitializeOnLoadMethodAttributes (127ms)
				AfterProcessingInitializeOnLoad (95ms)
				EditorAssembliesLoaded (0ms)
			ExecutionOrderSort2 (0ms)
			AwakeInstancesAfterBackupRestoration (40ms)
Platform modules already initialized, skipping
Refreshing native plugins compatible for Editor in 4.34 ms, found 3 plugins.
Preloading 0 native plugins for Editor in 0.00 ms.
Unloading 2007 Unused Serialized files (Serialized files now loaded: 0)
System memory in use before: 95.1 MB.
System memory in use after: 95.1 MB.

Unloading 18 unused Assets to reduce memory usage. Loaded Objects now: 2540.
Total: 22.333000 ms (FindLiveObjects: 0.946300 ms CreateObjectMapping: 0.756800 ms MarkObjects: 20.318400 ms  DeleteObjects: 0.308600 ms)

AssetImportParameters requested are different than current active one (requested -> active):
  custom:framework-win-MediaFoundation: 216162199b28c13a410421893ffa2e32 -> 
  custom:video-decoder-ogg-theora: a1e56fd34408186e4bbccfd4996cb3dc -> 
  custom:container-muxer-webm: aa71ff27fc2769a1b78a27578f13a17b -> 
  custom:container-demuxer-webm: 4f35f7cbe854078d1ac9338744f61a02 -> 
  custom:container-demuxer-ogg: 62fdf1f143b41e24485cea50d1cbac27 -> 
  custom:video-encoder-webm-vp8: eb34c28f22e8b96e1ab97ce403110664 -> 
  custom:video-decoder-webm-vp8: 9c59270c3fd7afecdb556c50c9e8de78 -> 
  custom:audio-decoder-ogg-vorbis: bf7c407c2cedff20999df2af8eb42d56 -> 
  custom:audio-encoder-webm-vorbis: bf7c407c2cedff20999df2af8eb42d56 -> 
========================================================================
Received Prepare
Registering precompiled user dll's ...
Registered in 0.033684 seconds.
Begin MonoManager ReloadAssembly
Native extension for WindowsStandalone target not found
Refreshing native plugins compatible for Editor in 0.92 ms, found 3 plugins.
Preloading 0 native plugins for Editor in 0.00 ms.
Mono: successfully reloaded assembly
- Completed reload, in  3.708 seconds
Domain Reload Profiling:
	ReloadAssembly (3709ms)
		BeginReloadAssembly (250ms)
			ExecutionOrderSort (0ms)
			DisableScriptedObjects (13ms)
			BackupInstance (0ms)
			ReleaseScriptingObjects (0ms)
			CreateAndSetChildDomain (66ms)
		EndReloadAssembly (3306ms)
			LoadAssemblies (247ms)
			RebuildTransferFunctionScriptingTraits (0ms)
			SetupTypeCache (579ms)
			ReleaseScriptCaches (2ms)
			RebuildScriptCaches (85ms)
			SetupLoadedEditorAssemblies (2039ms)
				LogAssemblyErrors (0ms)
				InitializePlatformSupportModulesInManaged (9ms)
				SetLoadedEditorAssemblies (1ms)
				RefreshPlugins (1ms)
				BeforeProcessingInitializeOnLoad (113ms)
				ProcessInitializeOnLoadAttributes (1650ms)
				ProcessInitializeOnLoadMethodAttributes (106ms)
				AfterProcessingInitializeOnLoad (152ms)
				EditorAssembliesLoaded (7ms)
			ExecutionOrderSort2 (0ms)
			AwakeInstancesAfterBackupRestoration (39ms)
Platform modules already initialized, skipping
Refreshing native plugins compatible for Editor in 2.19 ms, found 3 plugins.
Preloading 0 native plugins for Editor in 0.00 ms.
Unloading 2007 Unused Serialized files (Serialized files now loaded: 0)
System memory in use before: 95.1 MB.
System memory in use after: 95.1 MB.

Unloading 18 unused Assets to reduce memory usage. Loaded Objects now: 2543.
Total: 31.654200 ms (FindLiveObjects: 0.609200 ms CreateObjectMapping: 0.739300 ms MarkObjects: 26.975000 ms  DeleteObjects: 3.327500 ms)

AssetImportParameters requested are different than current active one (requested -> active):
  custom:framework-win-MediaFoundation: 216162199b28c13a410421893ffa2e32 -> 
  custom:video-decoder-ogg-theora: a1e56fd34408186e4bbccfd4996cb3dc -> 
  custom:container-muxer-webm: aa71ff27fc2769a1b78a27578f13a17b -> 
  custom:container-demuxer-webm: 4f35f7cbe854078d1ac9338744f61a02 -> 
  custom:container-demuxer-ogg: 62fdf1f143b41e24485cea50d1cbac27 -> 
  custom:video-encoder-webm-vp8: eb34c28f22e8b96e1ab97ce403110664 -> 
  custom:video-decoder-webm-vp8: 9c59270c3fd7afecdb556c50c9e8de78 -> 
  custom:audio-decoder-ogg-vorbis: bf7c407c2cedff20999df2af8eb42d56 -> 
  custom:audio-encoder-webm-vorbis: bf7c407c2cedff20999df2af8eb42d56 -> 
========================================================================
Received Import Request.
  Time since last request: 2748.885896 seconds.
  path: Packages/com.unity.2d.sprite/Editor/ObjectMenuCreation/DefaultAssets/Textures/9-Sliced.png
  artifactKey: Guid(71ebafeef3c03457483266a33ab2b270) Importer(815301076,1909f56bfc062723c751e8b465ee728b)
Start importing Packages/com.unity.2d.sprite/Editor/ObjectMenuCreation/DefaultAssets/Textures/9-Sliced.png using Guid(71ebafeef3c03457483266a33ab2b270) Importer(815301076,1909f56bfc062723c751e8b465ee728b)  -> (artifact id: '81e8fb1d72ec366fc4b9385cad633131') in 0.183612 seconds 
========================================================================
Received Import Request.
  Time since last request: 0.000421 seconds.
  path: Packages/com.unity.2d.sprite/Editor/ObjectMenuCreation/DefaultAssets/Textures/Capsule.png
  artifactKey: Guid(bd3cb4af8406d4436a2ae8c2aafe1f8d) Importer(815301076,1909f56bfc062723c751e8b465ee728b)
Start importing Packages/com.unity.2d.sprite/Editor/ObjectMenuCreation/DefaultAssets/Textures/Capsule.png using Guid(bd3cb4af8406d4436a2ae8c2aafe1f8d) Importer(815301076,1909f56bfc062723c751e8b465ee728b)  -> (artifact id: '3c75fdd8db0754924ca0109f59d6b6a5') in 0.092122 seconds 
========================================================================
Received Import Request.
  Time since last request: 0.000372 seconds.
  path: Packages/com.unity.2d.sprite/Editor/ObjectMenuCreation/DefaultAssets/Textures/9-SlicedWithBorder.png
  artifactKey: Guid(cc35afd292fc349128b36a291fb3a165) Importer(815301076,1909f56bfc062723c751e8b465ee728b)
Start importing Packages/com.unity.2d.sprite/Editor/ObjectMenuCreation/DefaultAssets/Textures/9-SlicedWithBorder.png using Guid(cc35afd292fc349128b36a291fb3a165) Importer(815301076,1909f56bfc062723c751e8b465ee728b)  -> (artifact id: '43405eceb8baba3770d587082b7a38a6') in 0.097828 seconds 
========================================================================
Received Import Request.
  Time since last request: 0.000436 seconds.
  path: Packages/com.unity.2d.sprite/Editor/ObjectMenuCreation/DefaultAssets/Textures/Circle.png
  artifactKey: Guid(ebe73ca9363db456bacf42c025bb4847) Importer(815301076,1909f56bfc062723c751e8b465ee728b)
Start importing Packages/com.unity.2d.sprite/Editor/ObjectMenuCreation/DefaultAssets/Textures/Circle.png using Guid(ebe73ca9363db456bacf42c025bb4847) Importer(815301076,1909f56bfc062723c751e8b465ee728b)  -> (artifact id: '0adea8e79a6299dc6c040835692aa6c7') in 0.073741 seconds 
========================================================================
Received Import Request.
  Time since last request: 0.000638 seconds.
  path: Packages/com.unity.2d.sprite/Editor/ObjectMenuCreation/DefaultAssets/Textures/CapsuleWithBorder.png
  artifactKey: Guid(34587324d412940a79d530020c957dc0) Importer(815301076,1909f56bfc062723c751e8b465ee728b)
Start importing Packages/com.unity.2d.sprite/Editor/ObjectMenuCreation/DefaultAssets/Textures/CapsuleWithBorder.png using Guid(34587324d412940a79d530020c957dc0) Importer(815301076,1909f56bfc062723c751e8b465ee728b)  -> (artifact id: '3de12b6c23d49004230e5e9282097ae9') in 0.128211 seconds 
========================================================================
Received Prepare
Registering precompiled user dll's ...
Registered in 0.012946 seconds.
Begin MonoManager ReloadAssembly
Native extension for WindowsStandalone target not found
Refreshing native plugins compatible for Editor in 1.02 ms, found 3 plugins.
Preloading 0 native plugins for Editor in 0.00 ms.
Mono: successfully reloaded assembly
- Completed reload, in  2.982 seconds
Domain Reload Profiling:
	ReloadAssembly (2983ms)
		BeginReloadAssembly (403ms)
			ExecutionOrderSort (0ms)
			DisableScriptedObjects (55ms)
			BackupInstance (0ms)
			ReleaseScriptingObjects (0ms)
			CreateAndSetChildDomain (100ms)
		EndReloadAssembly (2396ms)
			LoadAssemblies (353ms)
			RebuildTransferFunctionScriptingTraits (0ms)
			SetupTypeCache (924ms)
			ReleaseScriptCaches (4ms)
			RebuildScriptCaches (126ms)
			SetupLoadedEditorAssemblies (823ms)
				LogAssemblyErrors (0ms)
				InitializePlatformSupportModulesInManaged (12ms)
				SetLoadedEditorAssemblies (1ms)
				RefreshPlugins (1ms)
				BeforeProcessingInitializeOnLoad (170ms)
				ProcessInitializeOnLoadAttributes (570ms)
				ProcessInitializeOnLoadMethodAttributes (43ms)
				AfterProcessingInitializeOnLoad (25ms)
				EditorAssembliesLoaded (0ms)
			ExecutionOrderSort2 (0ms)
			AwakeInstancesAfterBackupRestoration (7ms)
Platform modules already initialized, skipping
Refreshing native plugins compatible for Editor in 1.09 ms, found 3 plugins.
Preloading 0 native plugins for Editor in 0.00 ms.
Unloading 2007 Unused Serialized files (Serialized files now loaded: 0)
System memory in use before: 95.1 MB.
System memory in use after: 95.1 MB.

Unloading 18 unused Assets to reduce memory usage. Loaded Objects now: 2549.
Total: 10.515600 ms (FindLiveObjects: 0.483000 ms CreateObjectMapping: 0.239300 ms MarkObjects: 9.414900 ms  DeleteObjects: 0.375600 ms)

AssetImportParameters requested are different than current active one (requested -> active):
  custom:framework-win-MediaFoundation: 216162199b28c13a410421893ffa2e32 -> 
  custom:video-decoder-ogg-theora: a1e56fd34408186e4bbccfd4996cb3dc -> 
  custom:container-muxer-webm: aa71ff27fc2769a1b78a27578f13a17b -> 
  custom:container-demuxer-webm: 4f35f7cbe854078d1ac9338744f61a02 -> 
  custom:container-demuxer-ogg: 62fdf1f143b41e24485cea50d1cbac27 -> 
  custom:video-encoder-webm-vp8: eb34c28f22e8b96e1ab97ce403110664 -> 
  custom:video-decoder-webm-vp8: 9c59270c3fd7afecdb556c50c9e8de78 -> 
  custom:audio-decoder-ogg-vorbis: bf7c407c2cedff20999df2af8eb42d56 -> 
  custom:audio-encoder-webm-vorbis: bf7c407c2cedff20999df2af8eb42d56 -> 
========================================================================
Received Prepare
Registering precompiled user dll's ...
Registered in 0.006826 seconds.
Begin MonoManager ReloadAssembly
Native extension for WindowsStandalone target not found
Refreshing native plugins compatible for Editor in 0.91 ms, found 3 plugins.
Preloading 0 native plugins for Editor in 0.00 ms.
Mono: successfully reloaded assembly
- Completed reload, in  2.422 seconds
Domain Reload Profiling:
	ReloadAssembly (2423ms)
		BeginReloadAssembly (254ms)
			ExecutionOrderSort (0ms)
			DisableScriptedObjects (15ms)
			BackupInstance (0ms)
			ReleaseScriptingObjects (0ms)
			CreateAndSetChildDomain (69ms)
		EndReloadAssembly (2035ms)
			LoadAssemblies (242ms)
			RebuildTransferFunctionScriptingTraits (0ms)
			SetupTypeCache (603ms)
			ReleaseScriptCaches (2ms)
			RebuildScriptCaches (94ms)
			SetupLoadedEditorAssemblies (949ms)
				LogAssemblyErrors (0ms)
				InitializePlatformSupportModulesInManaged (11ms)
				SetLoadedEditorAssemblies (1ms)
				RefreshPlugins (1ms)
				BeforeProcessingInitializeOnLoad (124ms)
				ProcessInitializeOnLoadAttributes (760ms)
				ProcessInitializeOnLoadMethodAttributes (31ms)
				AfterProcessingInitializeOnLoad (21ms)
				EditorAssembliesLoaded (0ms)
			ExecutionOrderSort2 (0ms)
			AwakeInstancesAfterBackupRestoration (9ms)
Platform modules already initialized, skipping
Refreshing native plugins compatible for Editor in 1.12 ms, found 3 plugins.
Preloading 0 native plugins for Editor in 0.00 ms.
Unloading 2007 Unused Serialized files (Serialized files now loaded: 0)
System memory in use before: 95.1 MB.
System memory in use after: 95.1 MB.

Unloading 18 unused Assets to reduce memory usage. Loaded Objects now: 2552.
Total: 6.604800 ms (FindLiveObjects: 0.518300 ms CreateObjectMapping: 0.165500 ms MarkObjects: 5.689900 ms  DeleteObjects: 0.228700 ms)

AssetImportParameters requested are different than current active one (requested -> active):
  custom:framework-win-MediaFoundation: 216162199b28c13a410421893ffa2e32 -> 
  custom:video-decoder-ogg-theora: a1e56fd34408186e4bbccfd4996cb3dc -> 
  custom:container-muxer-webm: aa71ff27fc2769a1b78a27578f13a17b -> 
  custom:container-demuxer-webm: 4f35f7cbe854078d1ac9338744f61a02 -> 
  custom:container-demuxer-ogg: 62fdf1f143b41e24485cea50d1cbac27 -> 
  custom:video-encoder-webm-vp8: eb34c28f22e8b96e1ab97ce403110664 -> 
  custom:video-decoder-webm-vp8: 9c59270c3fd7afecdb556c50c9e8de78 -> 
  custom:audio-decoder-ogg-vorbis: bf7c407c2cedff20999df2af8eb42d56 -> 
  custom:audio-encoder-webm-vorbis: bf7c407c2cedff20999df2af8eb42d56 -> 
